      Timing level               3
      Hessian Limited Memory
      LU Complete Pivoting
      Verify Level              -1
      Iteration Limit         1000000
      Major Iterations Limit          100000
      Minor Iterations Limit          100000
1
 
 Parameters
 ==========

 Files
 -----
 Solution file..........         0       Old basis file ........         0       Standard input.........         5
 Insert file............         0       New basis file ........         0       (Printer)..............         9
 Punch file.............         0       Backup basis file......         0       (Specs file)...........         0
 Load file..............         0       Dump file..............         0       Standard output........         6

 Frequencies
 -----------
 Print frequency........       100       Check frequency........        60       Save new basis map.....       100
 Summary frequency......       100       Factorization frequency        50       Expand frequency.......     10000

 QP subproblems
 --------------
 QPsolver Cholesky......
 Scale tolerance........      .900       Minor feasibility tol..  1.00E-06       Iteration limit........   1000000
 Scale option...........         0       Minor optimality  tol..  1.00E-06       Minor print level......         1
 Crash tolerance........      .100       Pivot tolerance........  3.25E-11       Partial price..........         1
 Crash option...........         3       Elastic weight.........  1.00E+04       Prtl price section ( A)       464
                                         New superbasics........        99       Prtl price section (-I)       307

 The SQP Method
 --------------
 Minimize...............                 Cold start.............                 Proximal Point method..         1
 Nonlinear objectiv vars       464       Objective Row..........         1       Function precision.....  3.00E-13
 Unbounded step size....  1.00E+20       Superbasics limit......       464       Difference interval....  5.48E-07
 Unbounded objective....  1.00E+15       Reduced Hessian dim....       464       Central difference int.  6.70E-05
 Major step limit.......  2.00E+00       Derivative linesearch..                 Derivative option......         1
 Major iterations limit.    100000       Linesearch tolerance...    .90000       Verify level...........        -1
 Minor iterations limit.    100000       Penalty parameter......  0.00E+00       Major Print Level......         1
                                         Major optimality tol...  2.00E-06

 Hessian Approximation
 ---------------------
 Limited-Memory Hessian.                 Hessian updates........        10       Hessian frequency......  99999999
                                                                                 Hessian flush..........  99999999

 Nonlinear constraints
 ---------------------
 Nonlinear constraints..       300       Major feasibility tol..  1.00E-06       Violation limit........  1.00E+06
 Nonlinear Jacobian vars       452

 Miscellaneous
 -------------
 LU factor tolerance....      3.99       LU singularity tol.....  3.25E-11       Timing level...........         3
 LU update tolerance....      3.99       LU swap tolerance......  1.22E-04       Debug level............         0
 LU complete pivoting...                 eps (machine precision)  2.22E-16       System information.....        No
1
 

 

 Matrix statistics
 -----------------
               Total      Normal        Free       Fixed     Bounded
 Rows            307           1           0         306           0
 Columns         464           0           0           9         455

 No. of matrix elements                18614     Density      13.067
 Biggest                          8.8265E+02  (excluding fixed columns,
 Smallest                         0.0000E+00   free rows, and RHS)

 No. of objective coefficients             0

 Nonlinear constraints     300     Linear constraints       7
 Nonlinear variables       464     Linear variables         0
 Jacobian  variables       452     Objective variables    464
 Total constraints         307     Total variables        464
1
 

 
 The user has defined    3764   out of    3764   first  derivatives
1
 

    Itn       LPmult  LPstep   nInf   SumInf             LPobjective   +SBS   -SBS    -BS    Pivot     L+U ncp
    101     -6.0E+03 1.1E-04    177  4.1E+01                            288    288    512  2.4E+01   11126   3
    201     -4.8E+01 5.7E-04     71  1.8E+01                            269    269    727 -5.3E+01   34634  12
    301      4.8E+01 1.1E-04      6  1.9E+00                            110    110    315 -7.7E+01   53704   8
    401      1.0E-01 1.0E+00                  4.2E-13  4.8332079E-01    459                          57745  10    42 3.9E+03
 

   Itns Major Minors    Step   nCon Feasible  Optimal  MeritFunction     L+U BSwap     nS  condHz Penalty
    462     0    461              1  3.2E-01  1.3E-01  4.0000487E+00   57745           99 3.9E+03         _  r  T
    472     1     10 1.0E+00      2  2.4E-01  1.1E-01  1.9334079E+06   15848     1     99 1.0E+00         _n r i

    Itn       QPmult  QPstep   nInf   SumInf   rgNorm  Elastic QPobj   +SBS   -SBS    -BS    Pivot     L+U ncp    nS  condHz
    572     -4.4E+25 3.8E-01      2  1.3E+01  4.4E+25  5.2183412E+05     49    354        -1.1E+00   54711   5     3 3.4E+44
1
 
 SNOPTA EXIT  40 -- terminated after numerical difficulties
 SNOPTA INFO  43 -- cannot satisfy the general constraints

 Problem name
 No. of iterations                 592   Objective value      1.0558516637E+00
 No. of infeasibilities              2   Sum of infeas        7.5269789202E+00
 Elastic weight                4.1E+04   Scaled Merit         4.7713671895E+01
 No. of major iterations             2   Linear objective     0.0000000000E+00
 Penalty parameter           0.000E+00   Nonlinear objective  1.0558516637E+00
 No. of calls to funobj              4   No. of calls to funcon              4
 No. of superbasics                  1   No. of basic nonlinears           303
 No. of degenerate steps             5   Percentage                        .84
 Max x                     301 1.0E+00   Max pi                    293 1.0E+08
 Max Primal infeas         593 4.1E+00   Max Dual infeas           303 3.2E+09
 Nonlinear constraint violn    4.1E+00
1
 
 Name                                    Infeasibilities      2      7.5270E+00

 Status         Optimal Soln             Iteration    592    Superbasics     1

 Objective               (Min)
 RHS
 Ranges
 Bounds

 Section 1 - Rows

  Number  ...Row.. State  ...Activity...  Slack Activity  ..Lower Limit.  ..Upper Limit.  .Dual Activity    ..i
 
     466  r      2    EQ          .00000          .00000          .               .           1162.27906      2
     467  r      3    EQ          .00000          .00000          .               .           5770.60514      3
     468  r      4    EQ         -.00001         -.00001          .               .           2377.99650      4
     469  r      5    EQ          .00000          .00000          .               .          13871.09955      5
     470  r      6    EQ         -.00001         -.00001          .               .           1577.56387      6
     471  r      7    EQ         -.00002         -.00002          .               .          22703.08041      7
     472  r      8    EQ         -.00006         -.00006          .               .           -845.62686      8
     473  r      9    EQ         -.00008         -.00008          .               .          32123.29349      9
     474  r     10    EQ         -.00014         -.00014          .               .          -4552.34452     10
     475  r     11    EQ         -.00034         -.00034          .               .          42090.02098     11
     476  r     12    EQ         -.00088         -.00088          .               .          -9246.79906     12
     477  r     13    EQ         -.00250         -.00250          .               .          53327.57366     13
     478  r     14    EQ         -.00500         -.00500          .               .         -13393.65513     14
     479  r     15    EQ         -.00937         -.00937          .               .          66000.51883     15
     480  r     16    EQ         -.01714         -.01714          .               .         -18454.69532     16
     481  r     17    EQ         -.02618         -.02618          .               .          78816.03653     17
     482  r     18    EQ         -.03593         -.03593          .               .         -25201.76705     18
     483  r     19    EQ         -.04340         -.04340          .               .          91083.70474     19
     484  r     20    EQ         -.04844         -.04844          .               .         -33978.54436     20
     485  r     21    EQ         -.04844         -.04844          .               .         103339.57785     21
     486  r     22    EQ         -.04588         -.04588          .               .         -43059.07803     22
     487  r     23    EQ         -.03868         -.03868          .               .         118720.86758     23
     488  r     24    EQ         -.03379         -.03379          .               .         -48295.29673     24
     489  r     25    EQ         -.02597         -.02597          .               .         139680.73154     25
     490  r     26    EQ         -.03413         -.03413          .               .         -53426.21631     26
     491  r     27    EQ         -.01045         -.01045          .               .         155381.82902     27
     492  r     28    EQ          .00353          .00353          .               .         -45172.02954     28
     493  r     29    EQ         -.01166         -.01166          .               .         201179.89210     29
     494  r     30    EQ         -.02009         -.02009          .               .         -30566.25075     30
     495  r     31    EQ         -.03731         -.03731          .               .         244208.83698     31
     496  r     32    EQ         -.05892         -.05892          .               .         -19895.17280     32
     497  r     33    EQ         -.09890         -.09890          .               .         286240.13043     33
     498  r     34    EQ         -.10185         -.10185          .               .         -15360.91824     34
     499  r     35    EQ         -.08976         -.08976          .               .         323105.37349     35
     500  r     36    EQ         -.07535         -.07535          .               .         -17244.36867     36
     501  r     37    EQ         -.03637         -.03637          .               .         357674.20316     37
     502  r     38    EQ         -.04841         -.04841          .               .         -26442.75915     38
     503  r     39    EQ         -.02586         -.02586          .               .         392323.27485     39
     504  r     40    EQ         -.02261         -.02261          .               .         -43109.26354     40
     505  r     41    EQ         -.02357         -.02357          .               .         435717.97072     41
     506  r     42    EQ         -.02163         -.02163          .               .         -43799.95036     42
     507  r     43    EQ         -.09965         -.09965          .               .         472613.50455     43
     508  r     44    EQ         -.10508         -.10508          .               .        -286016.69394     44
     509  r     45    EQ         -.11020         -.11020          .               .         146906.31275     45
     510  r     46    EQ         -.11301         -.11301          .               .        -721310.72743     46
     511  r     47    EQ         -.11423         -.11423          .               .         -78322.44690     47
     512  r     48    EQ         -.06415         -.06415          .               .       -1244590.42456     48
     513  r     49 A  EQ         -.04520         -.04520          .               .               .00000     49
     514  r     50    EQ         -.00399         -.00399          .               .       -1288231.12742     50
     515  r     51    EQ         -.00355         -.00355          .               .        -598210.20224     51
     516  r     52 A  EQ          .               .               .               .              -.00932     52
     517  r     53    EQ         -.00017         -.00017          .               .           1266.77888     53
     518  r     54    EQ         -.00006         -.00006          .               .           2912.52655     54
     519  r     55    EQ         -.00056         -.00056          .               .           4539.74846     55
     520  r     56    EQ         -.00007         -.00007          .               .           6046.95150     56
     521  r     57    EQ         -.00066         -.00066          .               .           7573.95244     57
     522  r     58    EQ         -.00078         -.00078          .               .           9016.65224     58
     523  r     59    EQ         -.00273         -.00273          .               .          10608.19486     59
     524  r     60    EQ         -.00392         -.00392          .               .          12127.00991     60
     525  r     61    EQ         -.00659         -.00659          .               .          13924.32368     61
     526  r     62    EQ         -.00880         -.00880          .               .          15569.94797     62
     527  r     63    EQ         -.02073         -.02073          .               .          17626.53332     63
     528  r     64    EQ         -.02191         -.02191          .               .          19400.50737     64
     529  r     65    EQ         -.04008         -.04008          .               .          21434.24712     65
     530  r     66    EQ         -.06155         -.06155          .               .          23368.71398     66
     531  r     67    EQ         -.07457         -.07457          .               .          25480.09459     67
     532  r     68    EQ         -.08566         -.08566          .               .          27545.61747     68
     533  r     69    EQ         -.09292         -.09292          .               .          29700.35881     69
     534  r     70    EQ         -.09736         -.09736          .               .          31910.18751     70
     535  r     71    EQ         -.09678         -.09678          .               .          34159.86784     71
     536  r     72    EQ         -.09386         -.09386          .               .          36441.00211     72
     537  r     73    EQ         -.08770         -.08770          .               .          39003.72756     73
     538  r     74    EQ         -.08124         -.08124          .               .          41348.75282     74
     539  r     75    EQ         -.07623         -.07623          .               .          44501.74906     75
     540  r     76    EQ         -.07155         -.07155          .               .          46773.42554     76
     541  r     77    EQ         -.07653         -.07653          .               .          51792.94435     77
     542  r     78    EQ         -.04747         -.04747          .               .          53991.95603     78
     543  r     79    EQ         -.01699         -.01699          .               .          54409.08278     79
     544  r     80    EQ         -.03367         -.03367          .               .          53299.74842     80
     545  r     81    EQ         -.03151         -.03151          .               .          51057.87629     81
     546  r     82    EQ         -.04016         -.04016          .               .          50611.70325     82
     547  r     83    EQ         -.05556         -.05556          .               .          47995.53764     83
     548  r     84    EQ         -.09624         -.09624          .               .          47150.55487     84
     549  r     85    EQ         -.11462         -.11462          .               .          44711.03008     85
     550  r     86    EQ         -.12118         -.12118          .               .          43047.46133     86
     551  r     87    EQ         -.12502         -.12502          .               .          38693.39745     87
     552  r     88    EQ         -.10030         -.10030          .               .          38238.79405     88
     553  r     89    EQ         -.13210         -.13210          .               .          34062.35402     89
     554  r     90    EQ         -.03197         -.03197          .               .          33823.36912     90
     555  r     91    EQ         -.01292         -.01292          .               .          29008.81255     91
     556  r     92    EQ         -.00849         -.00849          .               .          30724.14043     92
     557  r     93    EQ         -.00744         -.00744          .               .          27138.14312     93
     558  r     94    EQ          .07062          .07062          .               .          31016.88382     94
     559  r     95    EQ          .06293          .06293          .               .          25992.19896     95
     560  r     96    EQ          .05511          .05511          .               .          19426.00925     96
     561  r     97    EQ          .04757          .04757          .               .          14200.61703     97
     562  r     98    EQ          .04224          .04224          .               .           9929.21297     98
     563  r     99    EQ          .07586          .07586          .               .           6142.46353     99
     564  r    100    EQ         -.01632         -.01632          .               .           3044.21840    100
     565  r    101    EQ          .00435          .00435          .               .           1546.64216    101
     566  r    102 A  EQ          .00486          .00486          .               .             55.62456    102
     567  r    103 A  EQ          .               .               .               .              7.21106    103
     568  r    104    EQ         -.00031         -.00031          .               .          -1531.39084    104
     569  r    105    EQ          .00053          .00053          .               .          -3525.55423    105
     570  r    106    EQ         -.00062         -.00062          .               .          -5552.37042    106
     571  r    107    EQ          .00028          .00028          .               .          -7404.27468    107
     572  r    108    EQ         -.00269         -.00269          .               .          -9374.29435    108
     573  r    109    EQ         -.00410         -.00410          .               .         -10982.42955    109
     574  r    110    EQ         -.01194         -.01194          .               .         -12857.64183    110
     575  r    111    EQ         -.01953         -.01953          .               .         -14143.34376    111
     576  r    112    EQ         -.03702         -.03702          .               .         -15915.69047    112
     577  r    113    EQ         -.05430         -.05430          .               .         -16836.35816    113
     578  r    114    EQ         -.09470         -.09470          .               .         -18900.33754    114
     579  r    115    EQ         -.08666         -.08666          .               .         -19952.46958    115
     580  r    116    EQ         -.10353         -.10353          .               .         -21700.43398    116
     581  r    117    EQ         -.09229         -.09229          .               .         -22171.85021    117
     582  r    118    EQ         -.10685         -.10685          .               .         -24120.76001    118
     583  r    119    EQ         -.09552         -.09552          .               .         -24872.34940    119
     584  r    120    EQ         -.09797         -.09797          .               .         -27839.48180    120
     585  r    121    EQ         -.07263         -.07263          .               .         -28949.07345    121
     586  r    122    EQ         -.07151         -.07151          .               .         -32570.65633    122
     587  r    123    EQ         -.04106         -.04106          .               .         -33428.80278    123
     588  r    124    EQ         -.04197         -.04197          .               .         -36834.96133    124
     589  r    125    EQ         -.01250         -.01250          .               .         -36461.46487    125
     590  r    126    EQ         -.02381         -.02381          .               .         -39056.05062    126
     591  r    127    EQ          .00281          .00281          .               .         -37436.52590    127
     592  r    128    EQ         -.06037         -.06037          .               .         -40826.05460    128
     593  r    129 I  BS         4.07165         4.07165          .               .         -40521.04585    129
     594  r    130    EQ          .01323          .01323          .               .         -36993.52965    130
     595  r    131    EQ          .01815          .01815          .               .         -31922.69916    131
     596  r    132    EQ          .01620          .01620          .               .         -29442.87379    132
     597  r    133    EQ         -.00805         -.00805          .               .         -21998.88215    133
     598  r    134    EQ         -.08213         -.08213          .               .         -18312.88960    134
     599  r    135    EQ         -.22052         -.22052          .               .         -10716.32121    135
     600  r    136    EQ         -.29504         -.29504          .               .          -3412.60776    136
     601  r    137    EQ         -.31507         -.31507          .               .           -252.44386    137
     602  r    138    EQ         -.34367         -.34367          .               .           2976.94954    138
     603  r    139    EQ         -.26324         -.26324          .               .           6274.99807    139
     604  r    140    EQ         -.35425         -.35425          .               .           8755.03844    140
     605  r    141    EQ         -.03666         -.03666          .               .          11419.96583    141
     606  r    142    EQ          .02221          .02221          .               .          13170.29972    142
     607  r    143    EQ          .02871          .02871          .               .          14798.09108    143
     608  r    144    EQ          .02565          .02565          .               .          15707.61933    144
     609  r    145    EQ          .26886          .26886          .               .          16402.37145    145
     610  r    146    EQ          .23775          .23775          .               .          16368.06358    146
     611  r    147    EQ          .20496          .20496          .               .          15874.07480    147
     612  r    148    EQ          .17375          .17375          .               .          14357.20089    148
     613  r    149    EQ          .14606          .14606          .               .          12259.31295    149
     614  r    150    EQ          .24474          .24474          .               .           9211.96216    150
     615  r    151    EQ          .09783          .09783          .               .           5971.20463    151
     616  r    152    EQ          .00441          .00441          .               .           3588.89100    152
     617  r    153    EQ          .00386          .00386          .               .            912.73262    153
     618  r    154    EQ          .               .               .               .         294073.35088    154
     619  r    155    EQ          .00034          .00034          .               .          -2501.21959    155
     620  r    156    EQ         -.00008         -.00008          .               .          -5814.51283    156
     621  r    157    EQ          .00104          .00104          .               .          -9063.28894    157
     622  r    158    EQ          .00003          .00003          .               .         -12294.36662    158
     623  r    159    EQ          .00188          .00188          .               .         -15359.29501    159
     624  r    160    EQ          .00249          .00249          .               .         -18418.53870    160
     625  r    161    EQ          .00794          .00794          .               .         -21208.98946    161
     626  r    162    EQ          .01202          .01202          .               .         -24019.82243    162
     627  r    163    EQ          .02135          .02135          .               .         -26463.86369    163
     628  r    164    EQ          .02927          .02927          .               .         -28962.54397    164
     629  r    165    EQ          .04702          .04702          .               .         -31008.67402    165
     630  r    166    EQ          .06231          .06231          .               .         -33146.51258    166
     631  r    167    EQ          .09437          .09437          .               .         -34765.14041    167
     632  r    168    EQ          .13236          .13236          .               .         -36510.74180    168
     633  r    169    EQ          .17024          .17024          .               .         -37694.36161    169
     634  r    170    EQ          .19621          .19621          .               .         -39033.54892    170
     635  r    171    EQ          .22381          .22381          .               .         -39797.09660    171
     636  r    172    EQ          .23898          .23898          .               .         -40734.74374    172
     637  r    173    EQ          .25881          .25881          .               .         -41111.55165    173
     638  r    174    EQ          .26240          .26240          .               .         -41669.48222    174
     639  r    175    EQ          .27221          .27221          .               .         -41699.22970    175
     640  r    176    EQ          .26130          .26130          .               .         -41906.83427    176
     641  r    177    EQ          .26816          .26816          .               .         -41624.46438    177
     642  r    178    EQ          .24782          .24782          .               .         -41507.72840    178
     643  r    179    EQ          .28276          .28276          .               .         -40948.41568    179
     644  r    180 I  BS         3.65425         3.65425          .               .         -40521.04585    180
     645  r    181    EQ          .08420          .08420          .               .         -39811.62147    181
     646  r    182    EQ          .15331          .15331          .               .         -39246.62506    182
     647  r    183    EQ          .16464          .16464          .               .         -38213.96026    183
     648  r    184    EQ          .19559          .19559          .               .         -37403.16625    184
     649  r    185    EQ          .18527          .18527          .               .         -36108.74398    185
     650  r    186    EQ          .18423          .18423          .               .         -35086.75117    186
     651  r    187    EQ          .15981          .15981          .               .         -33551.17756    187
     652  r    188    EQ          .15975          .15975          .               .         -32355.21090    188
     653  r    189    EQ          .12993          .12993          .               .         -30587.66187    189
     654  r    190    EQ          .12964          .12964          .               .         -29250.61944    190
     655  r    191    EQ          .15180          .15180          .               .         -27269.59776    191
     656  r    192    EQ          .15638          .15638          .               .         -25846.23621    192
     657  r    193    EQ          .15550          .15550          .               .         -23672.00587    193
     658  r    194    EQ          .14945          .14945          .               .         -22367.46038    194
     659  r    195    EQ          .13807          .13807          .               .         -19297.87273    195
     660  r    196    EQ          .12646          .12646          .               .         -24317.50398    196
     661  r    197    EQ          .11177          .11177          .               .         -66553.92436    197
     662  r    198    EQ          .09839          .09839          .               .         -97960.30133    198
     663  r    199    EQ          .08178          .08178          .               .        -112936.88440    199
     664  r    200    EQ          .05993          .05993          .               .        -111883.91584    200
     665  r    201    EQ          .03259          .03259          .               .         -90384.36334    201
     666  r    202    EQ          .01639          .01639          .               .         -66435.33468    202
     667  r    203    EQ          .00614          .00614          .               .         -42427.88876    203
     668  r    204    EQ          .00133          .00133          .               .         -18252.21419    204
     669  r    205    EQ          .               .               .               .       -6275585.05177    205
     670  r    206 A  EQ          .00001          .00001          .               .              -.01449    206
     671  r    207 A  EQ          .00005          .00005          .               .              -.03367    207
     672  r    208 A  EQ          .00012          .00012          .               .              -.05274    208
     673  r    209 A  EQ          .00022          .00022          .               .              -.07158    209
     674  r    210 A  EQ          .00034          .00034          .               .              -.09008    210
     675  r    211 A  EQ          .00047          .00047          .               .              -.10815    211
     676  r    212 A  EQ          .00061          .00061          .               .              -.12566    212
     677  r    213 A  EQ          .00072          .00072          .               .              -.14249    213
     678  r    214 A  EQ          .00081          .00081          .               .              -.15851    214
     679  r    215 A  EQ          .00078          .00078          .               .              -.17357    215
     680  r    216 A  EQ          .00063          .00063          .               .              -.18755    216
     681  r    217 A  EQ          .00025          .00025          .               .              -.20034    217
     682  r    218 A  EQ         -.00010         -.00010          .               .              -.21193    218
     683  r    219 A  EQ         -.00028         -.00028          .               .              -.22229    219
     684  r    220 A  EQ         -.00047         -.00047          .               .              -.23147    220
     685  r    221 A  EQ         -.00059         -.00059          .               .              -.23947    221
     686  r    222 A  EQ         -.00076         -.00076          .               .              -.24640    222
     687  r    223 A  EQ         -.00096         -.00096          .               .              -.25237    223
     688  r    224 A  EQ         -.00125         -.00125          .               .              -.25760    224
     689  r    225 A  EQ         -.00160         -.00160          .               .              -.26221    225
     690  r    226 A  EQ         -.00199         -.00199          .               .              -.26642    226
     691  r    227 A  EQ         -.00235         -.00235          .               .              -.27035    227
     692  r    228 A  EQ         -.00253         -.00253          .               .              -.27417    228
     693  r    229 A  EQ         -.00246         -.00246          .               .              -.27784    229
     694  r    230 A  EQ         -.00206         -.00206          .               .              -.28128    230
     695  r    231 A  EQ         -.00150         -.00150          .               .              -.28409    231
     696  r    232 A  EQ         -.00001         -.00001          .               .              -.28565    232
     697  r    233 A  EQ         -.00057         -.00057          .               .              -.28467    233
     698  r    234 A  EQ         -.00056         -.00056          .               .              -.28134    234
     699  r    235 A  EQ         -.00086         -.00086          .               .              -.27561    235
     700  r    236 A  EQ         -.00092         -.00092          .               .              -.26774    236
     701  r    237 A  EQ         -.00121         -.00121          .               .              -.25779    237
     702  r    238 A  EQ         -.00139         -.00139          .               .              -.24609    238
     703  r    239 A  EQ         -.00174         -.00174          .               .              -.23269    239
     704  r    240 A  EQ         -.00178         -.00178          .               .              -.21783    240
     705  r    241 A  EQ         -.00198         -.00198          .               .              -.20156    241
     706  r    242 A  EQ         -.00212         -.00212          .               .              -.18427    242
     707  r    243 A  EQ         -.00193         -.00193          .               .              -.16610    243
     708  r    244 A  EQ         -.00183         -.00183          .               .              -.14746    244
     709  r    245 A  EQ         -.00174         -.00174          .               .              -.12855    245
     710  r    246 A  EQ         -.00179         -.00179          .               .              -.10987    246
     711  r    247 A  EQ         -.00188         -.00188          .               .              -.09164    247
     712  r    248 A  EQ         -.00208         -.00208          .               .              -.07441    248
     713  r    249 A  EQ         -.00225         -.00225          .               .              -.05832    249
     714  r    250 A  EQ         -.00242         -.00242          .               .              -.04385    250
     715  r    251 A  EQ         -.00236         -.00236          .               .              -.03104    251
     716  r    252 A  EQ         -.00223         -.00223          .               .              -.02033    252
     717  r    253 A  EQ         -.00222         -.00222          .               .              -.01163    253
     718  r    254 A  EQ         -.00228         -.00228          .               .              -.00539    254
     719  r    255 A  EQ         -.00229         -.00229          .               .              -.00133    255
     720  r    256 A  EQ          .               .               .               .              -.31631    256
     721  r    257    EQ          .00002          .00002          .               .         -16680.40245    257
     722  r    258    EQ         -.00002         -.00002          .               .         -30257.27291    258
     723  r    259    EQ          .00002          .00002          .               .         -65481.22955    259
     724  r    260    EQ         -.00009         -.00009          .               .         -59220.02529    260
     725  r    261    EQ         -.00014         -.00014          .               .        -117685.85716    261
     726  r    262    EQ         -.00040         -.00040          .               .         -83423.01374    262
     727  r    263    EQ         -.00059         -.00059          .               .        -171668.12436    263
     728  r    264    EQ         -.00107         -.00107          .               .        -102848.02172    264
     729  r    265    EQ         -.00148         -.00148          .               .        -226470.29360    265
     730  r    266    EQ         -.00222         -.00222          .               .        -117155.28925    266
     731  r    267    EQ         -.00274         -.00274          .               .        -281409.00449    267
     732  r    268    EQ         -.00354         -.00354          .               .        -125853.81968    268
     733  r    269    EQ         -.00381         -.00381          .               .        -336001.19238    269
     734  r    270    EQ         -.00422         -.00422          .               .        -128349.14674    270
     735  r    271    EQ         -.00440         -.00440          .               .        -389958.26347    271
     736  r    272    EQ         -.00471         -.00471          .               .        -123945.97770    272
     737  r    273    EQ         -.00454         -.00454          .               .        -443213.85084    273
     738  r    274    EQ         -.00449         -.00449          .               .        -111819.30450    274
     739  r    275    EQ         -.00386         -.00386          .               .        -495982.15147    275
     740  r    276    EQ         -.00346         -.00346          .               .         -90949.16651    276
     741  r    277    EQ         -.00250         -.00250          .               .        -548858.08339    277
     742  r    278    EQ         -.00204         -.00204          .               .         -60000.39021    278
     743  r    279    EQ         -.00091         -.00091          .               .        -602986.84359    279
     744  r    280    EQ         -.00075         -.00075          .               .         -17107.19994    280
     745  r    281    EQ          .00039          .00039          .               .        -660360.47585    281
     746  r    282 D  BS         -.00316         -.00316          .               .          40521.04585    282
     747  r    283    EQ         -.00651         -.00651          .               .        -724364.38771    283
     748  r    284    EQ         -.00604         -.00604          .               .         117356.86127    284
     749  r    285    EQ         -.00635         -.00635          .               .        -800854.06717    285
     750  r    286    EQ         -.00557         -.00557          .               .         221111.48032    286
     751  r    287    EQ         -.00499         -.00499          .               .        -900461.77920    287
     752  r    288    EQ         -.00373         -.00373          .               .         366246.24961    288
     753  r    289    EQ         -.00286         -.00286          .               .       -1044104.69097    289
     754  r    290    EQ         -.00171         -.00171          .               .         582942.45875    290
     755  r    291    EQ         -.00135         -.00135          .               .       -1278226.28561    291
     756  r    292    EQ         -.00049         -.00049          .               .         944425.41243    292
     757  r    293    EQ         -.00007         -.00007          .               .       -1727111.65017    293
     758  r    294    EQ         -.00004         -.00004          .               .        1676174.32645    294
     759  r    295    EQ          .00018          .00018          .               .       -2849487.96427    295
     760  r    296    EQ          .00047          .00047          .               .        3876554.67884    296
     761  r    297    EQ          .00082          .00082          .               .       -8229496.05422    297
     762  r    298    EQ          .00124          .00124          .               .       49181366.73611    298
     763  r    299    EQ          .00160          .00160          .               .      103911424.04826    299
     764  r    300    EQ          .00194          .00194          .               .       73637669.36541    300
     765  r    301    EQ          .00215          .00215          .               .       78459034.34582    301
     766  r    302    EQ          .00224          .00224          .               .       27702531.23982    302
     767  r    303    EQ          .00224          .00224          .               .       -3249330.36841    303
     768  r    304    EQ          .00229          .00229          .               .        1103071.71490    304
     769  r    305    EQ          .00230          .00230          .               .        -403283.10091    305
     770  r    306    EQ          .00232          .00232          .               .          97852.20687    306
     771  r    307 A  EQ          .               .               .               .               .32940    307
1
 
 Section 2 - Columns

  Number  .Column. State  ...Activity...  .Obj Gradient.  ..Lower Limit.  ..Upper Limit.  Reduced Gradnt    m+j
 
       1  x      1    EQ         1.00000          .              1.00000         1.00000    128355.11952    308
       2  x      2    BS          .21989          .               .              1.0             -.00473    309
       3  x      3    BS          .21941          .               .              1.0             -.03059    310
       4  x      4    BS          .21854          .               .              1.0             -.06145    311
       5  x      5    BS          .21728          .               .              1.0             -.10431    312
       6  x      6    BS          .21561          .               .              1.0             -.12306    313
       7  x      7    BS          .21352          .               .              1.0             -.14340    314
       8  x      8    BS          .21105          .               .              1.0             -.15356    315
       9  x      9    BS          .20821          .               .              1.0             -.17142    316
      10  x     10    BS          .20511          .               .              1.0             -.14993    317
      11  x     11    BS          .20175          .               .              1.0             -.10950    318
      12  x     12    BS          .19826          .               .              1.0             -.03462    319
      13  x     13    BS          .19446          .               .              1.0             -.15110    320
      14  x     14    BS          .19028          .               .              1.0             -.29247    321
      15  x     15    BS          .18586          .               .              1.0             -.37578    322
      16  x     16    BS          .18090          .               .              1.0             -.48680    323
      17  x     17    BS          .17536          .               .              1.0             -.76236    324
      18  x     18    BS          .16906          .               .              1.0            -1.20534    325
      19  x     19    BS          .16209          .               .              1.0            -1.55621    326
      20  x     20    BS          .15448          .               .              1.0            -1.79686    327
      21  x     21    BS          .14653          .               .              1.0            -1.96557    328
      22  x     22    BS          .13847          .               .              1.0            -2.13646    329
      23  x     23    BS          .13060          .               .              1.0            -2.24852    330
      24  x     24    BS          .12305          .               .              1.0            -2.30246    331
      25  x     25    BS          .11601          .               .              1.0            -2.27547    332
      26  x     26    BS          .10930          .               .              1.0            -2.18670    333
      27  x     27    BS          .10277          .               .              1.0            -2.06531    334
      28  x     28    BS          .09605          .               .              1.0            -1.95080    335
      29  x     29    BS          .08895          .               .              1.0            -1.87284    336
      30  x     30    BS          .08124          .               .              1.0            -1.80650    337
      31  x     31    BS          .07318          .               .              1.0            -1.73434    338
      32  x     32    BS          .06498          .               .              1.0            -1.42965    339
      33  x     33    BS          .05722          .               .              1.0            -1.20666    340
      34  x     34    BS          .04999          .               .              1.0            -1.18460    341
      35  x     35    BS          .04359          .               .              1.0             -.86906    342
      36  x     36    BS          .03772          .               .              1.0             -.68356    343
      37  x     37    BS          .03327          .               .              1.0             -.59395    344
      38  x     38    BS          .02916          .               .              1.0             -.25760    345
      39  x     39    BS          .02525          .               .              1.0             -.08455    346
      40  x     40    BS          .02204          .               .              1.0             -.03332    347
      41  x     41    BS          .01848          .               .              1.0             -.00204    348
      42  x     42    BS          .01507          .               .              1.0              .34812    349
      43  x     43    BS          .01171          .               .              1.0             1.06455    350
      44  x     44    BS          .00869          .               .              1.0              .83968    351
      45  x     45    BS          .00592          .               .              1.0              .45602    352
      46  x     46    BS          .00357          .               .              1.0              .35333    353
      47  x     47    BS          .00150          .               .              1.0              .10632    354
      48  x     48 N  FR          .00022          .               .              1.0     186598413.84676    355
      49  x     49 D  BS          .               .               .              1.0        7.756051E+11    356
      50  x     50    BS          .00015          .               .              1.0              .01385    357
      51  x     51 N  FR          .00020          .               .              1.0     466716279.86382    358
      52  x     52    BS          .00023          .             -1.0             1.0              .00932    359
      53  x     53    EQ          .               .               .               .           6270.11590    360
      54  x     54    BS         -.00003          .             -1.0             1.0              .01213    361
      55  x     55    BS         -.00016          .             -1.0             1.0              .07884    362
      56  x     56    BS         -.00039          .             -1.0             1.0              .16504    363
      57  x     57    BS         -.00066          .             -1.0             1.0              .29537    364
      58  x     58    BS         -.00093          .             -1.0             1.0              .34353    365
      59  x     59    BS         -.00107          .             -1.0             1.0              .33563    366
      60  x     60    BS         -.00103          .             -1.0             1.0              .32956    367
      61  x     61    BS         -.00071          .             -1.0             1.0              .38319    368
      62  x     62    BS         -.00016          .             -1.0             1.0              .45446    369
      63  x     63    BS          .00063          .             -1.0             1.0              .53110    370
      64  x     64    BS          .00082          .             -1.0             1.0              .45698    371
      65  x     65    BS         -.00065          .             -1.0             1.0              .46471    372
      66  x     66    BS         -.00332          .             -1.0             1.0              .59359    373
      67  x     67    BS         -.00696          .             -1.0             1.0              .58864    374
      68  x     68    BS         -.01148          .             -1.0             1.0              .33078    375
      69  x     69    BS         -.01629          .             -1.0             1.0              .17668    376
      70  x     70    BS         -.02128          .             -1.0             1.0              .22373    377
      71  x     71    BS         -.02605          .             -1.0             1.0              .04417    378
      72  x     72    BS         -.03048          .             -1.0             1.0             -.59784    379
      73  x     73    BS         -.03447          .             -1.0             1.0            -1.36196    380
      74  x     74    BS         -.03825          .             -1.0             1.0            -2.12607    381
      75  x     75    BS         -.04165          .             -1.0             1.0            -2.82292    382
      76  x     76    BS         -.04487          .             -1.0             1.0            -3.52150    383
      77  x     77    BS         -.04773          .             -1.0             1.0            -4.12943    384
      78  x     78    BS         -.05062          .             -1.0             1.0            -4.78562    385
      79  x     79    BS         -.05357          .             -1.0             1.0            -5.33083    386
      80  x     80    BS         -.05703          .             -1.0             1.0            -5.48232    387
      81  x     81    BS         -.06072          .             -1.0             1.0            -5.61441    388
      82  x     82    BS         -.06463          .             -1.0             1.0            -5.79275    389
      83  x     83    BS         -.06816          .             -1.0             1.0            -5.87088    390
      84  x     84    BS         -.07149          .             -1.0             1.0            -5.77060    391
      85  x     85    BS         -.07406          .             -1.0             1.0            -5.64405    392
      86  x     86    BS         -.07664          .             -1.0             1.0            -6.20275    393
      87  x     87    BS         -.07886          .             -1.0             1.0            -6.87234    394
      88  x     88    BS         -.08156          .             -1.0             1.0            -7.40620    395
      89  x     89    BS         -.08296          .             -1.0             1.0            -7.75856    396
      90  x     90    BS         -.08513          .             -1.0             1.0            -8.10215    397
      91  x     91    BS         -.08581          .             -1.0             1.0            -8.33657    398
      92  x     92    BS         -.08319          .             -1.0             1.0            -8.29256    399
      93  x     93    BS         -.08119          .             -1.0             1.0            -8.34721    400
      94  x     94    BS         -.07900          .             -1.0             1.0            -8.17391    401
      95  x     95    BS         -.07748          .             -1.0             1.0            -7.74415    402
      96  x     96    BS         -.07592          .             -1.0             1.0            -7.79587    403
      97  x     97    BS         -.07489          .             -1.0             1.0            -7.96275    404
      98  x     98    BS         -.07383          .             -1.0             1.0            -7.71824    405
      99  x     99    BS         -.07327          .             -1.0             1.0            -7.69284    406
     100  x    100    BS         -.07229          .             -1.0             1.0            -7.44487    407
     101  x    101    BS         -.07179          .             -1.0             1.0            -7.32534    408
     102  x    102    BS         -.07184          .             -1.0             1.0            -7.24559    409
     103  x    103    BS         -.07179          .             -1.0             1.0            -7.20190    410
     104  x    104    BS         -.07179          .             -1.0             1.0            -7.21106    411
     105  x    105    EQ          .               .               .               .         -41806.49188    412
     106  x    106    BS         -.00045          .             -1.0             1.0              .04089    413
     107  x    107    BS          .00000          .             -1.0             1.0              .25098    414
     108  x    108    BS         -.00190          .             -1.0             1.0              .53495    415
     109  x    109    BS         -.00139          .             -1.0             1.0              .94650    416
     110  x    110    BS         -.00400          .             -1.0             1.0             1.10788    417
     111  x    111    BS         -.00273          .             -1.0             1.0             1.06655    418
     112  x    112    BS         -.00489          .             -1.0             1.0             1.04737    419
     113  x    113    BS         -.00187          .             -1.0             1.0             1.18737    420
     114  x    114    BS         -.00301          .             -1.0             1.0             1.38495    421
     115  x    115    BS          .00161          .             -1.0             1.0             1.52926    422
     116  x    116    BS         -.00157          .             -1.0             1.0             1.18311    423
     117  x    117    BS         -.00386          .             -1.0             1.0             1.07999    424
     118  x    118    BS         -.01640          .             -1.0             1.0             1.48455    425
     119  x    119    BS         -.02239          .             -1.0             1.0             1.70645    426
     120  x    120    BS         -.03780          .             -1.0             1.0             1.41176    427
     121  x    121    BS         -.04503          .             -1.0             1.0             1.52114    428
     122  x    122    BS         -.06249          .             -1.0             1.0             2.48449    429
     123  x    123    BS         -.06834          .             -1.0             1.0             2.70271    430
     124  x    124    BS         -.08608          .             -1.0             1.0             1.75900    431
     125  x    125    BS         -.08850          .             -1.0             1.0              .45110    432
     126  x    126    BS         -.10791          .             -1.0             1.0             -.50893    433
     127  x    127    BS         -.10606          .             -1.0             1.0            -1.54930    434
     128  x    128    BS         -.13012          .             -1.0             1.0            -2.33274    435
     129  x    129    BS         -.11896          .             -1.0             1.0            -3.34227    436
     130  x    130    BS         -.16369          .             -1.0             1.0            -3.94033    437
     131  x    131    BS         -.02503          .             -1.0             1.0            -5.56739    438
     132  x    132    BS          .11309          .             -1.0             1.0            -7.71608    439
     133  x    133    BS          .06832          .             -1.0             1.0            -8.58813    440
     134  x    134    BS          .07817          .             -1.0             1.0            -9.95282    441
     135  x    135    BS          .05371          .             -1.0             1.0           -10.73122    442
     136  x    136    BS          .05473          .             -1.0             1.0           -11.23209    443
     137  x    137    BS          .03631          .             -1.0             1.0           -11.36184    444
     138  x    138    BS          .03378          .             -1.0             1.0           -13.98734    445
     139  x    139    BS          .01745          .             -1.0             1.0           -16.79013    446
     140  x    140    BS          .01066          .             -1.0             1.0           -19.23106    447
     141  x    141    BS         -.00425          .             -1.0             1.0           -20.91161    448
     142  x    142    BS         -.00998          .             -1.0             1.0           -22.54622    449
     143  x    143    BS         -.01922          .             -1.0             1.0           -23.31082    450
     144  x    144    BS         -.00973          .             -1.0             1.0           -23.37018    451
     145  x    145    BS         -.00953          .             -1.0             1.0           -23.33069    452
     146  x    146    BS         -.00198          .             -1.0             1.0           -22.94486    453
     147  x    147    BS         -.00283          .             -1.0             1.0           -18.79283    454
     148  x    148    BS          .00190          .             -1.0             1.0           -14.00922    455
     149  x    149    BS         -.00010          .             -1.0             1.0           -10.96590    456
     150  x    150    BS          .00279          .             -1.0             1.0            -6.93113    457
     151  x    151    BS          .00017          .             -1.0             1.0            -4.15243    458
     152  x    152    BS          .00289          .             -1.0             1.0            -1.85288    459
     153  x    153    BS          .00132          .             -1.0             1.0            -1.22303    460
     154  x    154    BS          .00120          .             -1.0             1.0             -.73710    461
     155  x    155    BS         -.00020          .             -1.0             1.0             -.19389    462
     156  x    156    EQ          .               .               .               .         -23401.61371    463
     157  x    157    EQ          .               .               .               .        -274016.20329    464
     158  x    158    BS         -.00029          .             -1.0             1.0              .02698    465
     159  x    159    BS          .00044          .             -1.0             1.0             -.03999    466
     160  x    160    BS         -.00056          .             -1.0             1.0              .05528    467
     161  x    161    BS          .00064          .             -1.0             1.0             -.04784    468
     162  x    162    BS         -.00079          .             -1.0             1.0              .09738    469
     163  x    163    BS          .00078          .             -1.0             1.0             -.02625    470
     164  x    164    BS         -.00094          .             -1.0             1.0              .16859    471
     165  x    165    BS          .00119          .             -1.0             1.0              .04182    472
     166  x    166    BS         -.00049          .             -1.0             1.0              .32136    473
     167  x    167    BS          .00266          .             -1.0             1.0              .23527    474
     168  x    168    BS          .00154          .             -1.0             1.0              .65229    475
     169  x    169    BS          .00640          .             -1.0             1.0              .65306    476
     170  x    170    BS          .00633          .             -1.0             1.0             1.30444    477
     171  x    171    BS          .01405          .             -1.0             1.0             1.57787    478
     172  x    172    BS          .01652          .             -1.0             1.0             2.70048    479
     173  x    173    BS          .02803          .             -1.0             1.0             3.30642    480
     174  x    174    BS          .03222          .             -1.0             1.0             4.89880    481
     175  x    175    BS          .04686          .             -1.0             1.0             5.80676    482
     176  x    176    BS          .05145          .             -1.0             1.0             7.82328    483
     177  x    177    BS          .06891          .             -1.0             1.0             8.74624    484
     178  x    178    BS          .07188          .             -1.0             1.0            11.01767    485
     179  x    179    BS          .09216          .             -1.0             1.0            11.64450    486
     180  x    180    BS          .08965          .             -1.0             1.0            14.26110    487
     181  x    181    BS          .11660          .             -1.0             1.0            14.04122    488
     182  x    182    BS          .09566          .             -1.0             1.0            18.15212    489
     183  x    183    BS          .23230          .             -1.0             1.0             7.76892    490
     184  x    184    BS          .37012          .             -1.0             1.0            -3.51223    491
     185  x    185    BS          .35244          .             -1.0             1.0             -.44717    492
     186  x    186    BS          .38366          .             -1.0             1.0            -1.53335    493
     187  x    187    BS          .38548          .             -1.0             1.0              .18971    494
     188  x    188    BS          .40927          .             -1.0             1.0             -.09570    495
     189  x    189    BS          .41437          .             -1.0             1.0             1.15742    496
     190  x    190    BS          .43241          .             -1.0             1.0              .93472    497
     191  x    191    BS          .43659          .             -1.0             1.0             1.60967    498
     192  x    192    BS          .45000          .             -1.0             1.0             1.12351    499
     193  x    193    BS          .45198          .             -1.0             1.0             1.28625    500
     194  x    194    BS          .46253          .             -1.0             1.0              .71295    501
     195  x    195    BS          .46539          .             -1.0             1.0              .84032    502
     196  x    196    BS          .47482          .             -1.0             1.0              .35450    503
     197  x    197    BS          .47765          .             -1.0             1.0              .43373    504
     198  x    198    BS          .48552          .             -1.0             1.0             -.01758    505
     199  x    199    BS          .48746          .             -1.0             1.0              .03888    506
     200  x    200    BS          .49335          .             -1.0             1.0             -.22501    507
     201  x    201    BS          .49417          .             -1.0             1.0             -.04482    508
     202  x    202    BS          .49820          .             -1.0             1.0             -.18105    509
     203  x    203    BS          .49798          .             -1.0             1.0              .02050    510
     204  x    204    BS          .50024          .             -1.0             1.0             -.07937    511
     205  x    205    BS          .49929          .             -1.0             1.0              .05121    512
     206  x    206    BS          .50044          .             -1.0             1.0             -.04194    513
     207  x    207    BS          .49969          .             -1.0             1.0              .02794    514
     208  x    208    EQ         1.0              .              1.0             1.0       3137792.52588    515
     209  x    209 A  EQ          .               .               .               .              -.02491    516
     210  x    210    BS          .00002          .               .              1.0              .00017    517
     211  x    211    BS          .00010          .               .              1.0              .00069    518
     212  x    212    BS          .00024          .               .              1.0              .00188    519
     213  x    213    BS          .00044          .               .              1.0              .00340    520
     214  x    214    BS          .00071          .               .              1.0              .00579    521
     215  x    215    BS          .00104          .               .              1.0              .00863    522
     216  x    216    BS          .00142          .               .              1.0              .01259    523
     217  x    217    BS          .00186          .               .              1.0              .01703    524
     218  x    218    BS          .00235          .               .              1.0              .02272    525
     219  x    219    BS          .00289          .               .              1.0              .02870    526
     220  x    220    BS          .00347          .               .              1.0              .03548    527
     221  x    221    BS          .00407          .               .              1.0              .04113    528
     222  x    222    BS          .00469          .               .              1.0              .04540    529
     223  x    223    BS          .00532          .               .              1.0              .04775    530
     224  x    224    BS          .00595          .               .              1.0              .04958    531
     225  x    225    BS          .00660          .               .              1.0              .04924    532
     226  x    226    BS          .00724          .               .              1.0              .04738    533
     227  x    227    BS          .00787          .               .              1.0              .04182    534
     228  x    228    BS          .00849          .               .              1.0              .03464    535
     229  x    229    BS          .00907          .               .              1.0              .02411    536
     230  x    230    BS          .00961          .               .              1.0              .01238    537
     231  x    231    BS          .01010          .               .              1.0             -.00270    538
     232  x    232    BS          .01056          .               .              1.0             -.01716    539
     233  x    233    BS          .01099          .               .              1.0             -.03244    540
     234  x    234    BS          .01141          .               .              1.0             -.04192    541
     235  x    235    BS          .01184          .               .              1.0             -.04779    542
     236  x    236    BS          .01226          .               .              1.0             -.03309    543
     237  x    237    BS          .01267          .               .              1.0             -.00903    544
     238  x    238    BS          .01305          .               .              1.0              .01037    545
     239  x    239    BS          .01341          .               .              1.0              .03230    546
     240  x    240    BS          .01374          .               .              1.0              .05106    547
     241  x    241    BS          .01405          .               .              1.0              .07023    548
     242  x    242    BS          .01434          .               .              1.0              .08707    549
     243  x    243    BS          .01460          .               .              1.0              .10644    550
     244  x    244    BS          .01485          .               .              1.0              .12557    551
     245  x    245    BS          .01508          .               .              1.0              .14666    552
     246  x    246    BS          .01529          .               .              1.0              .16611    553
     247  x    247    BS          .01550          .               .              1.0              .18711    554
     248  x    248    BS          .01569          .               .              1.0              .20703    555
     249  x    249    BS          .01587          .               .              1.0              .22672    556
     250  x    250    BS          .01603          .               .              1.0              .24434    557
     251  x    251    BS          .01616          .               .              1.0              .25996    558
     252  x    252    BS          .01628          .               .              1.0              .27253    559
     253  x    253    BS          .01637          .               .              1.0              .28398    560
     254  x    254    BS          .01645          .               .              1.0              .29299    561
     255  x    255    BS          .01651          .               .              1.0              .30057    562
     256  x    256    BS          .01656          .               .              1.0              .30651    563
     257  x    257    BS          .01660          .               .              1.0              .31120    564
     258  x    258    BS          .01662          .               .              1.0              .31420    565
     259  x    259    BS          .01664          .               .              1.0              .31595    566
     260  x    260    BS          .01664          .               .              1.0              .31631    567
     261  x    261    EQ          .               .               .               .         -26164.28461    568
     262  x    262    BS          .00000          .             -1.0              .00050         -.00014    569
     263  x    263    BS          .00000          .             -1.0              .00050          .00024    570
     264  x    264    BS          .00000          .             -1.0              .00050         -.00018    571
     265  x    265    BS          .00000          .             -1.0              .00050          .00061    572
     266  x    266    BS          .00000          .             -1.0              .00050          .00012    573
     267  x    267    BS         -.00001          .             -1.0              .00050          .00093    574
     268  x    268    BS         -.00002          .             -1.0              .00050         -.00050    575
     269  x    269    BS         -.00005          .             -1.0              .00050         -.00089    576
     270  x    270    BS         -.00009          .             -1.0              .00050         -.00470    577
     271  x    271    BS         -.00015          .             -1.0              .00050         -.00801    578
     272  x    272    BS         -.00023          .             -1.0              .00050         -.01640    579
     273  x    273    BS         -.00035          .             -1.0              .00050         -.02490    580
     274  x    274    BS         -.00051          .             -1.0              .00050         -.03897    581
     275  x    275    BS         -.00069          .             -1.0              .00050         -.05044    582
     276  x    276    BS         -.00090          .             -1.0              .00050         -.06741    583
     277  x    277    BS         -.00113          .             -1.0              .00050         -.08118    584
     278  x    278    BS         -.00139          .             -1.0              .00050         -.09932    585
     279  x    279    BS         -.00165          .             -1.0              .00050         -.10968    586
     280  x    280    BS         -.00190          .             -1.0              .00050         -.12477    587
     281  x    281    BS         -.00213          .             -1.0              .00050         -.13030    588
     282  x    282    BS         -.00232          .             -1.0              .00050         -.14273    589
     283  x    283    BS         -.00248          .             -1.0              .00050         -.14101    590
     284  x    284    BS         -.00260          .             -1.0              .00050         -.15067    591
     285  x    285    BS         -.00267          .             -1.0              .00050         -.13764    592
     286  x    286    BS         -.00272          .             -1.0              .00050         -.15401    593
     287  x    287    BS         -.00278          .             -1.0              .00050         -.06893    594
     288  x    288    BS         -.00286          .             -1.0              .00050         -.02919    595
     289  x    289    BS         -.00298          .             -1.0              .00050         -.10798    596
     290  x    290    BS         -.00312          .             -1.0              .00050         -.15142    597
     291  x    291    BS         -.00326          .             -1.0              .00050         -.21209    598
     292  x    292    BS         -.00339          .             -1.0              .00050         -.25018    599
     293  x    293    BS         -.00347          .             -1.0              .00050         -.29104    600
     294  x    294    BS         -.00352          .             -1.0              .00050         -.31349    601
     295  x    295    BS         -.00352          .             -1.0              .00050         -.33714    602
     296  x    296    BS         -.00350          .             -1.0              .00050         -.34710    603
     297  x    297    BS         -.00346          .             -1.0              .00050         -.36008    604
     298  x    298    BS         -.00340          .             -1.0              .00050         -.36208    605
     299  x    299    BS         -.00335          .             -1.0              .00050         -.36739    606
     300  x    300    BS         -.00329          .             -1.0              .00050         -.36666    607
     301  x    301    BS         -.00324          .             -1.0              .00050         -.36873    608
     302  x    302    BS         -.00318          .             -1.0              .00050         -.36511    609
     303  x    303    BS         -.00312          .             -1.0              .00050    3.217422E+09    610
     304  x    304    BS         -.00306          .             -1.0              .00050         -.35436    611
     305  x    305    BS         -.00300          .             -1.0              .00050         -.35005    612
     306  x    306    BS         -.00295          .             -1.0              .00050         -.34335    613
     307  x    307 N  FR         -.00290          .             -1.0              .00050   -3.212190E+09    614
     308  x    308    BS         -.00286          .             -1.0              .00050         -.33513    615
     309  x    309    BS         -.00283          .             -1.0              .00050         -.33319    616
     310  x    310    BS         -.00281          .             -1.0              .00050         -.33047    617
     311  x    311    BS         -.00280          .             -1.0              .00050       447.96205    618
     312  x    312    BS         -.00280          .             -1.0              .00050         -.32940    619
     313  x    313 N  LL        -1.0              .             -1.0              .           -607.97792    620
     314  x    314 N  LL        -1.0              .             -1.0              .          -1581.84013    621
     315  x    315 N  LL        -1.0              .             -1.0              .          -2139.14471    622
     316  x    316 N  FR         -.99515          .             -1.0              .          -3264.97734    623
     317  x    317 N  FR         -.96765          .             -1.0              .          -3064.01497    624
     318  x    318 N  FR         -.92867          .             -1.0              .          -3159.47806    625
     319  x    319 N  FR         -.88403          .             -1.0              .          -3244.21124    626
     320  x    320 N  FR         -.84141          .             -1.0              .          -2231.61615    627
     321  x    321 N  FR         -.81415          .             -1.0              .          -3374.13152    628
     322  x    322 N  FR         -.81170          .             -1.0              .          -1057.55623    629
     323  x    323 N  FR         -.83003          .             -1.0              .          -1156.49605    630
     324  x    324 N  FR         -.77874          .             -1.0              .           5818.16771    631
     325  x    325 N  FR         -.69507          .             -1.0              .           2129.97471    632
     326  x    326 N  FR         -.63283          .             -1.0              .           5932.98677    633
     327  x    327 N  FR         -.57679          .             -1.0              .           2176.59687    634
     328  x    328 N  FR         -.53381          .             -1.0              .           6168.96349    635
     329  x    329 N  FR         -.49775          .             -1.0              .           2702.53491    636
     330  x    330 N  FR         -.47604          .             -1.0              .           6402.26663    637
     331  x    331 N  FR         -.45960          .             -1.0              .           3624.45431    638
     332  x    332 N  FR         -.45290          .             -1.0              .           6899.76745    639
     333  x    333 N  FR         -.43688          .             -1.0              .           3917.87973    640
     334  x    334 N  FR         -.41966          .             -1.0              .           7623.72951    641
     335  x    335 N  FR         -.39435          .             -1.0              .           3633.25174    642
     336  x    336 N  FR         -.37329          .             -1.0              .           8162.12309    643
     337  x    337 N  FR         -.34857          .             -1.0              .           2858.28327    644
     338  x    338 N  FR         -.33260          .             -1.0              .           8894.83471    645
     339  x    339 N  FR         -.31343          .             -1.0              .           2258.53752    646
     340  x    340 N  FR         -.30434          .             -1.0              .           8878.26047    647
     341  x    341 N  FR         -.29104          .             -1.0              .           1467.07517    648
     342  x    342 N  FR         -.29148          .             -1.0              .           9143.95086    649
     343  x    343 N  FR         -.28768          .             -1.0              .           -265.59968    650
     344  x    344 N  FR         -.30109          .             -1.0              .          14245.18292    651
     345  x    345 N  FR         -.30083          .             -1.0              .          -1778.44588    652
     346  x    346 N  FR         -.31787          .             -1.0              .          18722.53795    653
     347  x    347 N  FR         -.28619          .             -1.0              .          -1797.94234    654
     348  x    348 N  FR         -.29809          .             -1.0              .          22589.77671    655
     349  x    349 N  FR         -.32969          .             -1.0              .          -1610.90154    656
     350  x    350 N  FR         -.35890          .             -1.0              .          25439.58341    657
     351  x    351 N  FR         -.38850          .             -1.0              .          -1458.64034    658
     352  x    352 N  FR         -.41463          .             -1.0              .          27910.33919    659
     353  x    353 A  FR         -.43344          .             -1.0              .             40.98217    660
     354  x    354 N  FR         -.45017          .             -1.0              .         -28004.04746    661
     355  x    355 N  FR         -.46169          .             -1.0              .          10116.74569    662
     356  x    356 N  FR         -.47390          .             -1.0              .          -9877.66985    663
     357  x    357 N  FR         -.48328          .             -1.0              .          24186.27170    664
     358  x    358 A  FR         -.49456          .             -1.0              .           -194.22125    665
     359  x    359 N  FR         -.50358          .             -1.0              .          36038.99748    666
     360  x    360 N  FR         -.50624          .             -1.0              .          -1381.64353    667
     361  x    361 N  FR         -.51275          .             -1.0              .          30476.89605    668
     362  x    362 N  FR         -.52086          .             -1.0              .          13021.32533    669
     363  x    363 A  FR         -.99624          .             -1.0             1.0            44.16946    670
     364  x    364 N  FR         -.99299          .             -1.0             1.0           246.35782    671
     365  x    365 A  FR         -.99409          .             -1.0             1.0            77.75848    672
     366  x    366 N  FR         -.99975          .             -1.0             1.0           605.02299    673
     367  x    367 A  LL        -1.0              .             -1.0             1.0            18.19877    674
     368  x    368    LL        -1.0              .             -1.0             1.0           990.24974    675
     369  x    369 A  LL        -1.0              .             -1.0             1.0          -144.43000    676
     370  x    370    LL        -1.0              .             -1.0             1.0          1361.76154    677
     371  x    371 N  LL        -1.0              .             -1.0             1.0          -445.04733    678
     372  x    372    LL        -1.0              .             -1.0             1.0          1647.79742    679
     373  x    373 N  LL        -1.0              .             -1.0             1.0          -955.67130    680
     374  x    374    LL        -1.0              .             -1.0             1.0          1938.76690    681
     375  x    375 N  LL        -1.0              .             -1.0             1.0         -1327.68902    682
     376  x    376    LL        -1.0              .             -1.0             1.0          2963.01114    683
     377  x    377 N  FR         -.93493          .             -1.0             1.0          -490.52259    684
     378  x    378 N  FR         -.88698          .             -1.0             1.0          4624.23369    685
     379  x    379 N  FR         -.85634          .             -1.0             1.0           434.04646    686
     380  x    380 N  FR         -.85365          .             -1.0             1.0          6700.00783    687
     381  x    381 N  FR         -.86847          .             -1.0             1.0          1890.67787    688
     382  x    382 N  FR         -.90442          .             -1.0             1.0         10146.29274    689
     383  x    383 N  FR         -.94448          .             -1.0             1.0          4757.54217    690
     384  x    384 N  FR         -.98896          .             -1.0             1.0         16551.08859    691
     385  x    385    LL        -1.0              .             -1.0             1.0          8240.26647    692
     386  x    386    LL        -1.0              .             -1.0             1.0         21299.23921    693
     387  x    387    LL        -1.0              .             -1.0             1.0          3753.51645    694
     388  x    388    LL        -1.0              .             -1.0             1.0         27034.26212    695
     389  x    389 N  FR         -.99634          .             -1.0             1.0         15856.35411    696
     390  x    390 N  FR         -.98878          .             -1.0             1.0         23378.20069    697
     391  x    391 N  FR         -.98465          .             -1.0             1.0         12410.82115    698
     392  x    392    LL        -1.0              .             -1.0             1.0         21900.10497    699
     393  x    393    LL        -1.0              .             -1.0             1.0          9476.09512    700
     394  x    394    LL        -1.0              .             -1.0             1.0         19074.77003    701
     395  x    395    LL        -1.0              .             -1.0             1.0          3961.48862    702
     396  x    396 N  FR         -.99431          .             -1.0             1.0         16360.84416    703
     397  x    397 N  FR         -.93383          .             -1.0             1.0           667.09794    704
     398  x    398 N  FR         -.96317          .             -1.0             1.0         15096.75891    705
     399  x    399 N  LL        -1.0              .             -1.0             1.0         -1583.64484    706
     400  x    400    LL        -1.0              .             -1.0             1.0         14520.04395    707
     401  x    401 N  LL        -1.0              .             -1.0             1.0         -4129.94031    708
     402  x    402    LL        -1.0              .             -1.0             1.0         14928.87196    709
     403  x    403 N  LL        -1.0              .             -1.0             1.0         -5123.19561    710
     404  x    404 N  FR         -.98382          .             -1.0             1.0         16208.64882    711
     405  x    405 N  FR         -.97580          .             -1.0             1.0        -14823.91819    712
     406  x    406 N  FR         -.96850          .             -1.0             1.0          2645.11277    713
     407  x    407 N  FR         -.96692          .             -1.0             1.0        -32516.63231    714
     408  x    408 N  FR         -.96790          .             -1.0             1.0         -6033.59534    715
     409  x    409 N  FR         -.97552          .             -1.0             1.0        -52911.61347    716
     410  x    410   SBS         -.98275          .             -1.0             1.0              .         717
     411  x    411 N  FR         -.98943          .             -1.0             1.0        -53406.32739    718
     412  x    412 N  FR         -.99545          .             -1.0             1.0        -24618.95669    719
     413  x    413 N  FR          .99040          .             -1.0             1.0          -267.19478    720
     414  x    414 N  FR          .96399          .             -1.0             1.0          -634.20678    721
     415  x    415 N  FR          .92332          .             -1.0             1.0          -785.74349    722
     416  x    416 N  FR          .86878          .             -1.0             1.0          -925.22170    723
     417  x    417 N  FR          .79840          .             -1.0             1.0          -484.75413    724
     418  x    418 A  FR          .70869          .             -1.0             1.0           131.59037    725
     419  x    419 N  FR          .60512          .             -1.0             1.0           554.56755    726
     420  x    420 N  FR          .48281          .             -1.0             1.0           852.43868    727
     421  x    421 N  FR          .35549          .             -1.0             1.0          1191.30633    728
     422  x    422 N  FR          .24243          .             -1.0             1.0         -1018.40760    729
     423  x    423 N  FR          .02517          .             -1.0             1.0        -11498.48009    730
     424  x    424 N  FR         -.23581          .             -1.0             1.0          1210.83313    731
     425  x    425 N  FR         -.23800          .             -1.0             1.0         -2390.30091    732
     426  x    426 N  FR         -.32096          .             -1.0             1.0          2136.42107    733
     427  x    427 N  FR         -.44288          .             -1.0             1.0           622.19462    734
     428  x    428 N  FR         -.58116          .             -1.0             1.0          3546.98604    735
     429  x    429 N  FR         -.72161          .             -1.0             1.0          2043.27432    736
     430  x    430 N  FR         -.86209          .             -1.0             1.0          3241.49261    737
     431  x    431 N  FR         -.98599          .             -1.0             1.0          2660.04499    738
     432  x    432    LL        -1.0              .             -1.0             1.0          3351.61106    739
     433  x    433    LL        -1.0              .             -1.0             1.0          3010.26677    740
     434  x    434    LL        -1.0              .             -1.0             1.0          4371.93577    741
     435  x    435    LL        -1.0              .             -1.0             1.0          1775.20487    742
     436  x    436    LL        -1.0              .             -1.0             1.0          6150.32448    743
     437  x    437 N  LL        -1.0              .             -1.0             1.0         -9576.59927    744
     438  x    438    LL        -1.0              .             -1.0             1.0          6633.23842    745
     439  x    439    LL        -1.0              .             -1.0             1.0          2507.30084    746
     440  x    440    LL        -1.0              .             -1.0             1.0          6553.06606    747
     441  x    441    LL        -1.0              .             -1.0             1.0           433.87703    748
     442  x    442    LL        -1.0              .             -1.0             1.0         30748.06905    749
     443  x    443 N  LL        -1.0              .             -1.0             1.0         -9221.02048    750
     444  x    444    LL        -1.0              .             -1.0             1.0         52136.90522    751
     445  x    445 N  FR         -.90444          .             -1.0             1.0          1526.72281    752
     446  x    446 N  FR         -.78643          .             -1.0             1.0        -14917.49965    753
     447  x    447 N  FR         -.63753          .             -1.0             1.0           680.32400    754
     448  x    448 N  FR         -.30867          .             -1.0             1.0        -10191.80444    755
     449  x    449 A  FR         -.33127          .             -1.0             1.0           -35.72086    756
     450  x    450 N  FR         -.21646          .             -1.0             1.0         -4145.11068    757
     451  x    451 N  FR         -.06377          .             -1.0             1.0         -1188.63092    758
     452  x    452 N  FR          .08700          .             -1.0             1.0         39541.71478    759
     453  x    453    BS          .22367          .             -1.0             1.0            -2.62390    760
     454  x    454 N  FR          .35543          .             -1.0             1.0         93719.75117    761
     455  x    455 N  FR          .47869          .             -1.0             1.0        -19910.22660    762
     456  x    456 N  FR          .59236          .             -1.0             1.0         15387.35362    763
     457  x    457 N  FR          .69849          .             -1.0             1.0        -32592.58958    764
     458  x    458 A  FR          .77592          .             -1.0             1.0           168.57607    765
     459  x    459 N  FR          .83616          .             -1.0             1.0        -43479.75851    766
     460  x    460 N  FR          .90119          .             -1.0             1.0          1523.90146    767
     461  x    461 N  FR          .95211          .             -1.0             1.0        -35789.73448    768
     462  x    462 N  FR          .98558          .             -1.0             1.0        -15307.11130    769
     463  x    463 A  EQ          .               .               .               .               .99646    770
     464  x    464    BS          .01426          .               .              1.0           -29.89385    771
 
 Time for MPS input                              .00 seconds
 Time for solving problem                       3.50 seconds
 Time for solution output                        .00 seconds
 Time for constraint functions                  3.72 seconds
 Time for objective function                     .00 seconds
