      Timing level               3
      Hessian Limited Memory
      LU Complete Pivoting
      Verify Level              -1
      Iteration Limit         1000000
      Major Iterations Limit          100000
      Minor Iterations Limit          100000
1
 
 Parameters
 ==========

 Files
 -----
 Solution file..........         0       Old basis file ........         0       Standard input.........         5
 Insert file............         0       New basis file ........         0       (Printer)..............         9
 Punch file.............         0       Backup basis file......         0       (Specs file)...........         0
 Load file..............         0       Dump file..............         0       Standard output........         6

 Frequencies
 -----------
 Print frequency........       100       Check frequency........        60       Save new basis map.....       100
 Summary frequency......       100       Factorization frequency        50       Expand frequency.......     10000

 QP subproblems
 --------------
 QPsolver Cholesky......
 Scale tolerance........      .900       Minor feasibility tol..  1.00E-06       Iteration limit........   1000000
 Scale option...........         0       Minor optimality  tol..  1.00E-06       Minor print level......         1
 Crash tolerance........      .100       Pivot tolerance........  3.25E-11       Partial price..........         1
 Crash option...........         3       Elastic weight.........  1.00E+04       Prtl price section ( A)       203
                                         New superbasics........        99       Prtl price section (-I)       133

 The SQP Method
 --------------
 Minimize...............                 Cold start.............                 Proximal Point method..         1
 Nonlinear objectiv vars       203       Objective Row..........         1       Function precision.....  3.00E-13
 Unbounded step size....  1.00E+20       Superbasics limit......       203       Difference interval....  5.48E-07
 Unbounded objective....  1.00E+15       Reduced Hessian dim....       203       Central difference int.  6.70E-05
 Major step limit.......  2.00E+00       Derivative linesearch..                 Derivative option......         1
 Major iterations limit.    100000       Linesearch tolerance...    .90000       Verify level...........        -1
 Minor iterations limit.    100000       Penalty parameter......  0.00E+00       Major Print Level......         1
                                         Major optimality tol...  2.00E-06

 Hessian Approximation
 ---------------------
 Limited-Memory Hessian.                 Hessian updates........        10       Hessian frequency......  99999999
                                                                                 Hessian flush..........  99999999

 Nonlinear constraints
 ---------------------
 Nonlinear constraints..       126       Major feasibility tol..  1.00E-06       Violation limit........  1.00E+06
 Nonlinear Jacobian vars       191

 Miscellaneous
 -------------
 LU factor tolerance....      3.99       LU singularity tol.....  3.25E-11       Timing level...........         3
 LU update tolerance....      3.99       LU swap tolerance......  1.22E-04       Debug level............         0
 LU complete pivoting...                 eps (machine precision)  2.22E-16       System information.....        No
1
 

 

 Matrix statistics
 -----------------
               Total      Normal        Free       Fixed     Bounded
 Rows            133           1           0         132           0
 Columns         203           0           0          10         193

 No. of matrix elements                 4172     Density      15.452
 Biggest                          1.6056E+02  (excluding fixed columns,
 Smallest                         0.0000E+00   free rows, and RHS)

 No. of objective coefficients             0

 Nonlinear constraints     126     Linear constraints       7
 Nonlinear variables       203     Linear variables         0
 Jacobian  variables       191     Objective variables    203
 Total constraints         133     Total variables        203
1
 

 
 The user has defined    1589   out of    1589   first  derivatives
1
 

    Itn       LPmult  LPstep   nInf   SumInf             LPobjective   +SBS   -SBS    -BS    Pivot     L+U ncp
    100     -1.6E+02 2.1E-04      2  1.2E+02                             45     45    181  3.7E+03    5861   5
    200     -2.9E+02 1.0E+00      2  1.0E+02  2.4E-14  7.8254730E+06    162                           6949   1    26 1.0E+00
 

   Itns Major Minors    Step   nCon Feasible  Optimal  MeritFunction     L+U BSwap     nS  condHz Penalty
    217     0    217              1  5.8E-01  1.5E-01  3.7480211E+07    6982           42 1.0E+00         _  r i

    Itn       QPmult  QPstep   nInf   SumInf   rgNorm  Elastic QPobj   +SBS   -SBS    -BS    Pivot     L+U ncp    nS  condHz
    317     -5.7E+04 5.1E-05      9  9.0E+02  9.0E-04  1.5103677E+07     58     58    262  3.3E+01    8479   2    43 3.9E+00

   Itns Major Minors    Step   nCon Feasible  Optimal  MeritFunction     L+U BSwap     nS  condHz Penalty
    337     1    120 3.4E-03      2  5.8E-01  3.9E+00  3.7356615E+07    7652           48 7.2E+03         _n rli
    416     2     79 9.3E-03      3  5.8E-01  3.6E-01  3.7103991E+07    9045     5     27 1.8E+04         _s  li

    Itn       QPmult  QPstep   nInf   SumInf   rgNorm  Elastic QPobj   +SBS   -SBS    -BS    Pivot     L+U ncp    nS  condHz
    516      2.2E+04 4.5E-02      4  7.7E+01  2.1E+04  1.5992981E+06    185    199        -1.2E-01    9241   2    23 1.2E+08

   Itns Major Minors    Step   nCon Feasible  Optimal  MeritFunction     L+U BSwap     nS  condHz Penalty
    534     3    118 1.0E+00      4  7.8E-01  2.6E+00  2.0623786E+06    9447           24 7.6E+06         _    i

    Itn       QPmult  QPstep   nInf   SumInf   rgNorm  Elastic QPobj   +SBS   -SBS    -BS    Pivot     L+U ncp    nS  condHz
    634              4.7E-02      1  7.4E+01  2.7E+04  6.5703506E+08           183    195  2.5E-01   10171   2     6 2.7E+07
    734              1.0E+00      2  2.7E+01  9.9E-09  3.4609865E+05                                 10402   2    25 2.0E+09

   Itns Major Minors    Step   nCon Feasible  Optimal  MeritFunction     L+U BSwap     nS  condHz Penalty
    758     4    224 1.0E+00      6  3.0E+00  7.1E-01  1.4151747E+06   10329     4     31 2.9E+09 2.2E+01 _ M  i
    856     5     98 2.6E-01      8  8.8E-01  1.0E+00  1.1681894E+06   10897     1     34 1.3E+07 1.3E+01 _n rli

    Itn       QPmult  QPstep   nInf   SumInf   rgNorm  Elastic QPobj   +SBS   -SBS    -BS    Pivot     L+U ncp    nS  condHz
    956      8.9E+01 1.0E+00      5  6.5E+01  1.3E-09  7.8106685E+05    143                          11102   2    30 8.0E+04

   Itns Major Minors    Step   nCon Feasible  Optimal  MeritFunction     L+U BSwap     nS  condHz Penalty
    965     6    109 1.0E+00      9  4.6E-01  1.6E+00  7.4035495E+05   11102     1     39 8.0E+04 1.3E+01 _s   i

    Itn       QPmult  QPstep   nInf   SumInf   rgNorm  Elastic QPobj   +SBS   -SBS    -BS    Pivot     L+U ncp    nS  condHz
   1065      5.1E+04 2.9E-02      6  6.9E+01  5.0E+04  6.1417667E+08     11     57     60  1.4E+00   10028   2     5 1.6E+07
   1165      2.0E+02 1.0E+00      4  5.9E+01  3.8E-10  7.2866630E+05    149                          10243   1    27 2.0E+04

   Itns Major Minors    Step   nCon Feasible  Optimal  MeritFunction     L+U BSwap     nS  condHz Penalty
   1181     7    216 3.8E-01     13  2.1E-01  1.1E+00  7.3017623E+05   10243           43 2.0E+04 6.8E+01 _    i
   1211     8     30 2.1E-03     17  2.1E-01  1.2E+00  8.4742772E+05   10030     1     44 3.6E+03 2.5E+02 _    i
   1271     9     60 1.0E+00     19  3.6E-01  1.2E+00  7.3400369E+05   11150     1     44 7.2E+04 2.6E+02 _ M  i
   1308    10     37 1.7E-01     26  2.9E-01  1.9E+00  8.9070591E+05    9795     2     45 2.2E+05 1.7E+02 _    i
   1335    11     27 2.6E-01     28  2.4E-01  4.1E-01  8.4059441E+05   10484           45 9.3E+04 1.7E+02 _    i
   1391    12     56 1.0E+00     29  1.2E-01  1.9E-01  5.6881024E+05    9617           45 4.1E+04 1.0E+02 _    i
   1417    13     26 5.6E-02     39  1.3E-01  1.6E-01  1.1735118E+06    9587           46 8.5E+04 2.3E+03 _    i
   1445    14     28 1.2E-01     49  1.1E-01  1.2E-01  1.1921779E+06    9259     3     44 6.9E+04 2.4E+03 _    i
   1474    15     29 2.5E-01     51  9.6E-02  2.0E-01  1.2927336E+06   10302     3     47 9.1E+04 2.7E+03 _    i

    Itn       QPmult  QPstep   nInf   SumInf   rgNorm  Elastic QPobj   +SBS   -SBS    -BS    Pivot     L+U ncp    nS  condHz
   1574     -2.0E+04 1.0E+00      5  8.3E+01  1.6E-05  8.5524511E+07    169                           9581   1    32 4.7E+07

   Itns Major Minors    Step   nCon Feasible  Optimal  MeritFunction     L+U BSwap     nS  condHz Penalty
   1620    16    146 2.3E-01     56  1.1E-01  6.8E-01  1.1341419E+06    9581     2     54 4.7E+07 3.0E+03 _  R i
   1630    17     10 1.0E+00     57  1.7E-01  7.6E-01  1.1366711E+06    8799     8     52 9.1E+04 2.7E+03 _s   i
   1653    18     23 1.9E-01     59  1.7E-01  6.8E-01  9.7613333E+05    9668     3     50 3.1E+05 8.0E+02 _    i
   1664    19     11 2.6E-02     61  1.7E-01  6.5E-01  1.0902778E+06    9502           52 4.6E+05 1.1E+03 _    i

   Itns Major Minors    Step   nCon Feasible  Optimal  MeritFunction     L+U BSwap     nS  condHz Penalty
   1683    20     19 3.5E-01     71  1.3E-01  1.1E+00  1.0761828E+06    9259     7     50 2.0E+05 8.9E+02 _    i
   1691    21      8 5.7E-04     81  1.3E-01  1.9E+00  1.0760509E+06    9135     4     51 5.4E+04 8.9E+02 _    i
   1704    22     13 1.0E+00     82  1.8E-01  1.1E+00  1.0039123E+06    9285           53 1.2E+06 8.9E+02 _    i
   1708    23      4 1.1E-01     93  1.7E-01  1.2E+00  9.8117275E+05    9163     5     52 5.3E+05 8.9E+02 _ M  i
   1709    24      1 8.1E-04    104  1.7E-01  1.2E+00  9.8101923E+05    9696           52 5.3E+05 8.9E+02 _n   i
   1715    25      6 3.8E-05    115  1.7E-01  6.1E-01  9.8101215E+05    9696           51 6.1E+05 8.9E+02 _n R i
   1728    26     13 2.8E-05    126  1.7E-01  5.8E-01  1.0008228E+06    9932           49 1.5E+06 9.6E+02 _sm  i
   1800    27     72 2.6E-01    128  1.4E-01  3.4E-01  8.4130528E+05    9413           48 1.4E+06 9.6E+02 _    i
   1816    28     16 1.8E-01    131  1.2E-01  6.9E-01  8.3565854E+05    8774     7     47 4.5E+05 1.0E+03 _    i
   1823    29      7 1.3E-01    134  1.0E-01  4.7E-01  8.6394865E+05    9603           45 5.8E+05 1.0E+03 _    i
   1841    30     18 1.3E-01    136  8.4E-02  4.1E-01  8.2723519E+05    9732     5     43 2.7E+05 1.0E+03 _    i
   1863    31     22 1.0E-01    146  7.3E-02  1.2E+00  7.3909718E+05    9449     3     44 4.9E+05 1.0E+03 _    i
   1876    32     13 5.9E-04    156  7.3E-02  6.6E-01  7.3895190E+05    9820           44 1.1E+06 1.0E+03 _    i
   1890    33     14 6.4E-03    166  7.1E-02  4.1E-01  7.3664197E+05    9429     3     45 4.8E+07 1.0E+03 _    i
   1901    34     11 5.0E-06    176  7.1E-02  4.9E-01  7.3663988E+05    9406           47 2.6E+07 1.0E+03 _    i
   1912    35     11 8.6E-08    186  7.1E-02  4.5E-01  7.5197315E+05    9977           46 4.0E+07 1.0E+03 _    i

    Itn       QPmult  QPstep   nInf   SumInf   rgNorm  Elastic QPobj   +SBS   -SBS    -BS    Pivot     L+U ncp    nS  condHz
   2012     -1.0E+04 1.0E+00      7  6.7E+01  1.3E-06  8.2710145E+05    257                           9846   1    43 2.4E+08

   Itns Major Minors    Step   nCon Feasible  Optimal  MeritFunction     L+U BSwap     nS  condHz Penalty
   2047    36    135 2.6E-01    188  2.0E-02  3.9E-01  6.6665023E+05    9846           58 2.4E+08 1.0E+03 _ mRli
   2065    37     18 2.4E-01    198  1.9E-02  2.5E-01  7.1974522E+05    9773    12     43 1.4E+07 1.7E+03 _s   i
   2082    38     17 1.7E-03    208  1.9E-02  3.0E-01  7.5976757E+05    9959           43 5.7E+05 1.4E+03 _    i
   2149    39     67 1.0E+00    210  1.3E-02  1.2E+07  4.1864902E+05   10399     7     44 2.7E+06 1.4E+03 _ m  i
1
 
 SNOPTA EXIT  40 -- terminated after numerical difficulties
 SNOPTA INFO  43 -- cannot satisfy the general constraints

 Problem name
 No. of iterations                2149   Objective value      8.1348382592E+00
 No. of infeasibilities              3   Sum of infeas        2.8296730607E+01
 Elastic weight                1.1E+04   Scaled Merit         4.7272836718E+01
 No. of major iterations            40   Linear objective     0.0000000000E+00
 Penalty parameter           1.424E+03   Nonlinear objective  8.1348382592E+00
 No. of calls to funobj            220   No. of calls to funcon            220
 No. of superbasics                 44   No. of basic nonlinears           117
 No. of degenerate steps            22   Percentage                       1.02
 Max x                     157 2.9E+03   Max pi                    129 7.8E+04
 Max Primal infeas         278 1.6E+01   Max Dual infeas            34 1.9E+17
 Nonlinear constraint violn    2.7E+01
1
 
 Name                                    Infeasibilities      3      2.8297E+01

 Status         Optimal Soln             Iteration   2149    Superbasics    44

 Objective               (Min)
 RHS
 Ranges
 Bounds

 Section 1 - Rows

  Number  ...Row.. State  ...Activity...  Slack Activity  ..Lower Limit.  ..Upper Limit.  .Dual Activity    ..i
 
     205  r      2    EQ         -.54741         -.54741          .               .           -230.08627      2
     206  r      3    EQ        -2.38612        -2.38612          .               .           -534.69437      3
     207  r      4    EQ         -.35566         -.35566          .               .           -787.59074      4
     208  r      5    EQ         -.18140         -.18140          .               .          -1059.88222      5
     209  r      6    EQ          .00547          .00547          .               .          -1316.72650      6
     210  r      7    EQ        10.28832        10.28832          .               .          -1585.31879      7
     211  r      8    EQ        -3.38445        -3.38445          .               .          -1601.79494      8
     212  r      9    EQ         5.15748         5.15748          .               .          -1626.90666      9
     213  r     10    EQ        -3.39437        -3.39437          .               .           -342.46126     10
     214  r     11 D  BS         3.86466         3.86466          .               .            217.56105     11
     215  r     12    EQ         2.09577         2.09577          .               .             13.70258     12
     216  r     13 D  BS         1.30197         1.30197          .               .            -70.08673     13
     217  r     14 D  BS        -3.32486        -3.32486          .               .            831.18403     14
     218  r     15    EQ       -11.94610       -11.94610          .               .           1124.11783     15
     219  r     16    EQ        -8.76188        -8.76188          .               .           -740.94520     16
     220  r     17    EQ        -4.16319        -4.16319          .               .          -1178.70005     17
     221  r     18    EQ        -4.44465        -4.44465          .               .          -1717.85127     18
     222  r     19    EQ       -15.84752       -15.84752          .               .          -1753.90300     19
     223  r     20    EQ        -2.08806        -2.08806          .               .          -1237.04859     20
     224  r     21    EQ        -1.76036        -1.76036          .               .           -771.76687     21
     225  r     22    EQ        -1.01903        -1.01903          .               .           -333.19892     22
     226  r     23    EQ          .               .               .               .         -20825.83874     23
     227  r     24    EQ        21.08367        21.08367          .               .            -96.79685     24
     228  r     25    EQ         1.62634         1.62634          .               .           -267.09215     25
     229  r     26    EQ         -.12927         -.12927          .               .           -429.87371     26
     230  r     27    EQ         1.01870         1.01870          .               .           -612.27206     27
     231  r     28    EQ          .50863          .50863          .               .           -717.83378     28
     232  r     29    EQ       -21.59778       -21.59778          .               .            -85.09503     29
     233  r     30    EQ         3.85900         3.85900          .               .            340.61307     30
     234  r     31    EQ         -.35017         -.35017          .               .          -1164.96165     31
     235  r     32    EQ        -2.06128        -2.06128          .               .          -1697.67511     32
     236  r     33    EQ        -1.70124        -1.70124          .               .           -797.55741     33
     237  r     34    EQ        -4.17170        -4.17170          .               .             40.93378     34
     238  r     35    EQ        -2.43019        -2.43019          .               .            -75.73379     35
     239  r     36    EQ        -1.45837        -1.45837          .               .            182.24872     36
     240  r     37    EQ         4.87764         4.87764          .               .          -2316.73413     37
     241  r     38    EQ        26.57455        26.57455          .               .          -3052.75798     38
     242  r     39    EQ        -4.50353        -4.50353          .               .          -1578.82611     39
     243  r     40    EQ         7.93959         7.93959          .               .          -1020.20501     40
     244  r     41    EQ       -12.24558       -12.24558          .               .           -240.34605     41
     245  r     42    EQ         -.32341         -.32341          .               .           -105.38141     42
     246  r     43    EQ       -11.72766       -11.72766          .               .              2.93607     43
     247  r     44    EQ       -13.29163       -13.29163          .               .             -3.43228     44
     248  r     45 A  EQ          .               .               .               .               .05780     45
     249  r     46    EQ          .01125          .01125          .               .          -1282.08878     46
     250  r     47    EQ          .05600          .05600          .               .          -2956.65765     47
     251  r     48    EQ          .03041          .03041          .               .          -4570.87061     48
     252  r     49 D  BS         -.06223         -.06223          .               .          -6082.49095     49
     253  r     50    EQ         -.06655         -.06655          .               .          -7467.38332     50
     254  r     51    EQ         -.02549         -.02549          .               .          -8682.28002     51
     255  r     52    EQ         -.15204         -.15204          .               .          -9721.49731     52
     256  r     53    EQ          .23250          .23250          .               .         -10531.07681     53
     257  r     54    EQ          .53233          .53233          .               .         -11149.78309     54
     258  r     55 I  BS         5.88168         5.88168          .               .         -11403.72481     55
     259  r     56 D  BS          .15851          .15851          .               .         -11403.72481     56
     260  r     57 D  BS         -.11074         -.11074          .               .         -11284.13625     57
     261  r     58    EQ         -.14173         -.14173          .               .         -10897.62118     58
     262  r     59    EQ          .11196          .11196          .               .         -10308.86178     59
     263  r     60    EQ          .35417          .35417          .               .          -9487.89173     60
     264  r     61    EQ          .24028          .24028          .               .          -8478.52003     61
     265  r     62    EQ          .47187          .47187          .               .          -7280.46330     62
     266  r     63    EQ          .29077          .29077          .               .          -5932.43054     63
     267  r     64    EQ          .11148          .11148          .               .          -4453.18255     64
     268  r     65    EQ          .10727          .10727          .               .          -2881.14589     65
     269  r     66    EQ          .00933          .00933          .               .          -1248.64757     66
     270  r     67 D  BS          .               .               .               .         -77962.20917     67
     271  r     68    EQ       -12.27708       -12.27708          .               .            139.39550     68
     272  r     69    EQ        -1.32506        -1.32506          .               .            315.21014     69
     273  r     70    EQ         -.36241         -.36241          .               .            272.84000     70
     274  r     71    EQ         -.12424         -.12424          .               .           -696.96915     71
     275  r     72    EQ          .12264          .12264          .               .          -2028.98339     72
     276  r     73    EQ        12.48437        12.48437          .               .          -3313.92187     73
     277  r     74    EQ         -.06617         -.06617          .               .           2752.15785     74
     278  r     75 I  BS       -16.42728       -16.42728          .               .          11403.72481     75
     279  r     76    EQ          .71487          .71487          .               .           7776.17396     76
     280  r     77 D  BS         4.42483         4.42483          .               .           -246.99868     77
     281  r     78 D  BS         4.53116         4.53116          .               .            103.60751     78
     282  r     79    EQ         4.10667         4.10667          .               .           -945.96153     79
     283  r     80    EQ          .53406          .53406          .               .          -2039.64149     80
     284  r     81    EQ        -2.76591        -2.76591          .               .           6550.22017     81
     285  r     82    EQ       -17.02975       -17.02975          .               .           9137.68170     82
     286  r     83    EQ         5.94125         5.94125          .               .           8351.32206     83
     287  r     84    EQ        -5.29898        -5.29898          .               .           7848.52979     84
     288  r     85    EQ         8.20612         8.20612          .               .           5996.71720     85
     289  r     86    EQ          .51790          .51790          .               .           4113.71450     86
     290  r     87    EQ         9.87018         9.87018          .               .           2490.98977     87
     291  r     88    EQ        10.69723        10.69723          .               .           1048.21539     88
     292  r     89    EQ          .               .               .               .          65008.14928     89
     293  r     90 A  EQ         -.02301         -.02301          .               .               .01583     90
     294  r     91 A  EQ         -.03467         -.03467          .               .               .03650     91
     295  r     92 A  EQ         -.10088         -.10088          .               .               .05615     92
     296  r     93 D  BS          .07002          .07002          .               .               .07392     93
     297  r     94 A  EQ          .07332          .07332          .               .               .08777     94
     298  r     95 A  EQ          .08803          .08803          .               .               .09596     95
     299  r     96 A  EQ        -1.34285        -1.34285          .               .               .09724     96
     300  r     97 A  EQ         -.81517         -.81517          .               .               .09689     97
     301  r     98 A  EQ          .25979          .25979          .               .               .09458     98
     302  r     99 A  EQ        -1.08691        -1.08691          .               .               .08105     99
     303  r    100 D  BS         2.57444         2.57444          .               .               .06395    100
     304  r    101 A  EQ         1.98760         1.98760          .               .               .04829    101
     305  r    102 D  BS         3.03837         3.03837          .               .               .03879    102
     306  r    103 A  EQ        -1.11168        -1.11168          .               .               .03280    103
     307  r    104 A  EQ        -2.54190        -2.54190          .               .               .02720    104
     308  r    105 A  EQ        -1.85651        -1.85651          .               .               .02147    105
     309  r    106 A  EQ         -.55015         -.55015          .               .               .01527    106
     310  r    107 A  EQ          .37063          .37063          .               .               .00971    107
     311  r    108 A  EQ          .54562          .54562          .               .               .00511    108
     312  r    109 A  EQ          .70917          .70917          .               .               .00223    109
     313  r    110 A  EQ          .58021          .58021          .               .               .00052    110
     314  r    111 A  EQ          .               .               .               .               .02232    111
     315  r    112    EQ         -.00477         -.00477          .               .              -.20302    112
     316  r    113    EQ         -.12830         -.12830          .               .              -.46844    113
     317  r    114    EQ         -.05808         -.05808          .               .              -.72429    114
     318  r    115    EQ         -.02268         -.02268          .               .              -.96547    115
     319  r    116    EQ          .05504          .05504          .               .             -1.18634    116
     320  r    117    EQ         -.05381         -.05381          .               .             -1.38243    117
     321  r    118    EQ         -.41127         -.41127          .               .             -1.55031    118
     322  r    119    EQ          .06611          .06611          .               .             -1.68746    119
     323  r    120    EQ         1.45697         1.45697          .               .             -1.79087    120
     324  r    121    EQ          .53900          .53900          .               .             -1.85694    121
     325  r    122    EQ        -6.24301        -6.24301          .               .             -1.88477    122
     326  r    123 D  BS        -2.60970        -2.60970          .               .             -1.87661    123
     327  r    124    EQ         4.89544         4.89544          .               .             -1.84794    124
     328  r    125    EQ         5.09163         5.09163          .               .             -1.78314    125
     329  r    126    EQ         4.39829         4.39829          .               .             -1.67920    126
     330  r    127    EQ         3.80710         3.80710          .               .             -1.53725    127
     331  r    128    EQ         2.98238         2.98238          .               .             -1.35772    128
     332  r    129    EQ         1.33776         1.33776          .               .             -1.13742    129
     333  r    130    EQ          .68919          .68919          .               .              -.87931    130
     334  r    131    EQ          .17188          .17188          .               .              -.58449    131
     335  r    132    EQ          .06316          .06316          .               .              -.26097    132
     336  r    133    EQ          .               .               .               .            -16.49002    133
1
 
 Section 2 - Columns

  Number  .Column. State  ...Activity...  .Obj Gradient.  ..Lower Limit.  ..Upper Limit.  Reduced Gradnt    m+j
 
       1  x      1    EQ        15.27778          .             15.27778        15.27778    -14455.41650    134
       2  x      2    BS        15.31188          .            -22.91667        22.91667          .18779    135
       3  x      3    BS        15.11990          .            -22.91667        22.91667       -37.12397    136
       4  x      4    BS        15.00787          .            -22.91667        22.91667       -87.24602    137
       5  x      5    BS        14.39120          .            -22.91667        22.91667        98.99780    138
       6  x      6    BS        13.95703          .            -22.91667        22.91667       -19.10860    139
       7  x      7    BS        13.16369          .            -22.91667        22.91667       268.15678    140
       8  x      8    BS        14.19363          .            -22.91667        22.91667      -560.30311    141
       9  x      9    BS        11.61690          .            -22.91667        22.91667       389.36227    142
      10  x     10    BS        12.27809          .            -22.91667        22.91667     -2862.44666    143
      11  x     11 N  FR        18.07520          .            -22.91667        22.91667    1.944354E+17    144
      12  x     12    BS        20.01657          .            -22.91667        22.91667       109.44244    145
      13  x     13 N  FR        15.78024          .            -22.91667        22.91667   -4.770721E+16    146
      14  x     14    BS         7.45376          .            -22.91667        22.91667     10060.41362    147
      15  x     15    BS         2.98983          .            -22.91667        22.91667      6119.90434    148
      16  x     16    BS          .53096          .            -22.91667        22.91667      3324.96823    149
      17  x     17    BS         -.21215          .            -22.91667        22.91667     -1922.29404    150
      18  x     18    BS         -.67130          .            -22.91667        22.91667    -10059.21019    151
      19  x     19    BS        -1.03156          .            -22.91667        22.91667      -794.79149    152
      20  x     20    BS         -.85277          .            -22.91667        22.91667      1239.41286    153
      21  x     21    BS         -.17922          .            -22.91667        22.91667       475.77737    154
      22  x     22    BS         -.06357          .            -22.91667        22.91667        46.92574    155
      23  x     23    EQ          .               .               .               .          20825.83874    156
      24  x     24    EQ          .               .               .               .          -5842.04687    157
      25  x     25    BS          .12481          .            -22.91667        22.91667      -288.12797    158
      26  x     26    BS          .45468          .            -22.91667        22.91667       292.16157    159
      27  x     27    BS         1.55689          .            -22.91667        22.91667       -27.11119    160
      28  x     28 N SBS         1.25734          .            -22.91667        22.91667      -171.33168    161
      29  x     29    BS         -.07368          .            -22.91667        22.91667      -163.51623    162
      30  x     30    BS         -.38594          .            -22.91667        22.91667     -2666.34132    163
      31  x     31    BS        -4.58549          .            -22.91667        22.91667      -957.72383    164
      32  x     32 N SBS        -4.37073          .            -22.91667        22.91667    -12917.73867    165
      33  x     33    BS         6.53516          .            -22.91667        22.91667      1218.50900    166
      34  x     34 N SBS        15.12953          .            -22.91667        22.91667    1.944354E+17    167
      35  x     35 N SBS        18.28976          .            -22.91667        22.91667      1212.34493    168
      36  x     36 N  FR        13.18963          .            -22.91667        22.91667   -4.770721E+16    169
      37  x     37 N  BS         5.30371          .            -22.91667        22.91667     -9965.53717    170
      38  x     38    BS         2.07945          .            -22.91667        22.91667    -10212.27404    171
      39  x     39    BS         2.16571          .            -22.91667        22.91667      7719.17743    172
      40  x     40    BS         3.56915          .            -22.91667        22.91667      5824.88851    173
      41  x     41    BS         4.07751          .            -22.91667        22.91667      6141.76420    174
      42  x     42    BS         4.33926          .            -22.91667        22.91667      1167.60107    175
      43  x     43    BS         4.08950          .            -22.91667        22.91667      -808.33302    176
      44  x     44    BS         3.84384          .            -22.91667        22.91667      -262.92255    177
      45  x     45    BS         3.38179          .            -22.91667        22.91667       -47.50768    178
      46  x     46    BS         3.32264          .            -22.91667        22.91667         -.05780    179
      47  x     47    EQ          .               .               .               .         -80041.89585    180
      48  x     48    BS         -.00458          .             -1.04720         2.09440         -.50644    181
      49  x     49    BS         -.00464          .             -1.04720         2.09440        -1.36532    182
      50  x     50    BS         -.06158          .             -1.04720         2.09440        -1.52875    183
      51  x     51    BS         -.07287          .             -1.04720         2.09440        -2.38071    184
      52  x     52    BS          .00179          .             -1.04720         2.09440        -1.77040    185
      53  x     53    BS          .06178          .             -1.04720         2.09440        -2.95922    186
      54  x     54    BS          .24478          .             -1.04720         2.09440         -.01148    187
      55  x     55    BS          .29000          .             -1.04720         2.09440        -1.79928    188
      56  x     56    BS         -.81679          .             -1.04720         2.09440          .78125    189
      57  x     57    LL        -1.04720          .             -1.04720         2.09440    1.944354E+17    190
      58  x     58    BS         -.73255          .             -1.04720         2.09440       -26.12904    191
      59  x     59 N  FR         -.61055          .             -1.04720         2.09440   -4.770721E+16    192
      60  x     60    BS          .10563          .             -1.04720         2.09440        -1.90434    193
      61  x     61    BS          .88558          .             -1.04720         2.09440        19.84173    194
      62  x     62    BS         1.54031          .             -1.04720         2.09440         9.87498    195
      63  x     63    BS         1.75056          .             -1.04720         2.09440         4.09036    196
      64  x     64    BS         1.84340          .             -1.04720         2.09440         1.71161    197
      65  x     65    BS         1.75403          .             -1.04720         2.09440         4.11145    198
      66  x     66    BS         1.66915          .             -1.04720         2.09440         6.03034    199
      67  x     67    BS         1.58291          .             -1.04720         2.09440         3.15387    200
      68  x     68    BS         1.57531          .             -1.04720         2.09440         1.61401    201
      69  x     69    EQ         1.57080          .              1.57080         1.57080     77962.20917    202
      70  x     70    EQ          .               .               .               .           7988.55179    203
      71  x     71    BS         -.05069          .             -3.00000        10.00000      -340.98691    204
      72  x     72    BS         -.17400          .             -3.00000        10.00000       338.52793    205
      73  x     73    BS         -.30547          .             -3.00000        10.00000       710.45798    206
      74  x     74    BS          .16224          .             -3.00000        10.00000       543.66636    207
      75  x     75    BS          .29158          .             -3.00000        10.00000      1527.54090    208
      76  x     76    BS          .10743          .             -3.00000        10.00000      1316.92665    209
      77  x     77    BS          .82419          .             -3.00000        10.00000      4990.79361    210
      78  x     78    BS        -1.30222          .             -3.00000        10.00000     -3986.86439    211
      79  x     79    BS        -2.24727          .             -3.00000        10.00000    -20242.00048    212
      80  x     80 N  FR         -.73695          .             -3.00000        10.00000    1.944354E+17    213
      81  x     81    BS         -.04758          .             -3.00000        10.00000    -28305.23004    214
      82  x     82 N  FR          .94427          .             -3.00000        10.00000   -4.770721E+16    215
      83  x     83    BS         1.56088          .             -3.00000        10.00000    -24183.86522    216
      84  x     84    BS         1.64330          .             -3.00000        10.00000      9297.52688    217
      85  x     85    BS          .78868          .             -3.00000        10.00000    -15550.37891    218
      86  x     86    BS          .28674          .             -3.00000        10.00000     -7842.37080    219
      87  x     87    BS         -.16175          .             -3.00000        10.00000     -3936.79372    220
      88  x     88    BS         -.44520          .             -3.00000        10.00000     -2923.42769    221
      89  x     89    BS         -.49004          .             -3.00000        10.00000     -4344.03414    222
      90  x     90    BS         -.34197          .             -3.00000        10.00000     -2832.90451    223
      91  x     91    BS         -.05020          .             -3.00000        10.00000     -1549.14268    224
      92  x     92    EQ          .               .               .               .         -65008.14928    225
      93  x     93    EQ          .               .               .               .               .98899    226
      94  x     94    BS          .35690          .            -10.00000       300.00000         -.00086    227
      95  x     95    BS         1.80629          .            -10.00000       300.00000         -.00166    228
      96  x     96    BS         4.42754          .            -10.00000       300.00000         -.00776    229
      97  x     97    BS         7.98403          .            -10.00000       300.00000         -.01875    230
      98  x     98    BS        12.43522          .            -10.00000       300.00000         -.04510    231
      99  x     99    BS        17.36238          .            -10.00000       300.00000         -.07158    232
     100  x    100    BS        23.24238          .            -10.00000       300.00000         -.08632    233
     101  x    101    BS        29.53576          .            -10.00000       300.00000         -.04493    234
     102  x    102    BS        35.48164          .            -10.00000       300.00000         -.08591    235
     103  x    103 N  FR        44.43481          .            -10.00000       300.00000    1.944354E+17    236
     104  x    104    BS        58.02711          .            -10.00000       300.00000         -.11526    237
     105  x    105 N  FR        71.58735          .            -10.00000       300.00000   -4.770721E+16    238
     106  x    106    BS        79.00643          .            -10.00000       300.00000         -.03430    239
     107  x    107    BS        80.62470          .            -10.00000       300.00000         -.02808    240
     108  x    108    BS        79.87419          .            -10.00000       300.00000         -.02175    241
     109  x    109   SBS        78.38774          .            -10.00000       300.00000         -.03208    242
     110  x    110    BS        76.91554          .            -10.00000       300.00000         -.03364    243
     111  x    111    BS        75.70685          .            -10.00000       300.00000         -.03941    244
     112  x    112    BS        74.74404          .            -10.00000       300.00000         -.03341    245
     113  x    113    BS        74.10477          .            -10.00000       300.00000         -.02805    246
     114  x    114    BS        73.76396          .            -10.00000       300.00000         -.02353    247
     115  x    115   SBS        73.69448          .            -10.00000       300.00000         -.02232    248
     116  x    116    EQ          .               .               .               .            -12.67595    249
     117  x    117    BS          .00923          .            -20.00000        50.00000          .00067    250
     118  x    118    BS          .00679          .            -20.00000        50.00000         -.00120    251
     119  x    119    BS          .12678          .            -20.00000        50.00000         -.00315    252
     120  x    120    BS          .20192          .            -20.00000        50.00000         -.01362    253
     121  x    121    BS          .23624          .            -20.00000        50.00000         -.00525    254
     122  x    122    BS          .28996          .            -20.00000        50.00000         -.01735    255
     123  x    123    BS          .22829          .            -20.00000        50.00000         -.02054    256
     124  x    124    BS         -.38876          .            -20.00000        50.00000         -.04552    257
     125  x    125    BS        -1.19568          .            -20.00000        50.00000         -.03960    258
     126  x    126 N  FR        -4.85720          .            -20.00000        50.00000    1.944354E+17    259
     127  x    127    BS        -7.38585          .            -20.00000        50.00000         -.04640    260
     128  x    128 N  FR        -7.49041          .            -20.00000        50.00000   -4.770721E+16    261
     129  x    129    BS        -5.32587          .            -20.00000        50.00000         -.26990    262
     130  x    130 N SBS        -1.76545          .            -20.00000        50.00000         -.27622    263
     131  x    131    BS         -.42186          .            -20.00000        50.00000         -.32667    264
     132  x    132    BS          .10623          .            -20.00000        50.00000         -.37227    265
     133  x    133    BS         -.13775          .            -20.00000        50.00000         -.41557    266
     134  x    134    BS         -.43949          .            -20.00000        50.00000         -.42731    267
     135  x    135    BS         -.83052          .            -20.00000        50.00000         -.44205    268
     136  x    136    BS         -.88874          .            -20.00000        50.00000         -.44011    269
     137  x    137    BS         -.92975          .            -20.00000        50.00000         -.44343    270
     138  x    138 N SBS         -.91836          .            -20.00000        50.00000        16.49002    271
     139  x    139 N SBS       -65.85611          .          -4213.22741          .              -.57292    272
     140  x    140 N SBS      -156.69120          .          -4213.22741          .             -1.32578    273
     141  x    141 N SBS      -294.99610          .          -4213.22741          .             -1.03846    274
     142  x    142 N SBS       -55.66929          .          -4213.22741          .             -3.50459    275
     143  x    143 N SBS      -770.88806          .          -4213.22741          .              1.16959    276
     144  x    144 N SBS      -176.43963          .          -4213.22741          .               .88570    277
     145  x    145 N SBS      -849.91693          .          -4213.22741          .              1.52062    278
     146  x    146 N SBS     -2060.66526          .          -4213.22741          .             14.79555    279
     147  x    147 N SBS     -1545.86353          .          -4213.22741          .              8.89271    280
     148  x    148 N SBS      -680.27073          .          -4213.22741          .         1.944354E+17    281
     149  x    149 N  UL          .               .          -4213.22741          .               .20059    282
     150  x    150    UL          .               .          -4213.22741          .        -4.770721E+16    283
     151  x    151 N SBS     -2803.10588          .          -4213.22741          .              4.61433    284
     152  x    152 N SBS     -1154.61757          .          -4213.22741          .              2.80300    285
     153  x    153 N SBS      -315.26690          .          -4213.22741          .             -3.31766    286
     154  x    154 N SBS      -108.88467          .          -4213.22741          .              3.42518    287
     155  x    155 N SBS      -242.94573          .          -4213.22741          .             -2.51847    288
     156  x    156 N SBS      -168.34841          .          -4213.22741          .              2.18862    289
     157  x    157    UL          .               .          -4213.22741          .             -6.26937    290
     158  x    158    UL          .               .          -4213.22741          .             -3.95533    291
     159  x    159 N SBS        -3.06219          .          -4213.22741          .             -1.61825    292
     160  x    160 N SBS       -30.06904          .          -2896.59384      2896.59384         -.57777    293
     161  x    161 N SBS      -131.96957          .          -2896.59384      2896.59384        -1.31730    294
     162  x    162 N SBS      -296.36146          .          -2896.59384      2896.59384        -1.83059    295
     163  x    163 N SBS      -364.90640          .          -2896.59384      2896.59384        -2.66068    296
     164  x    164 N SBS      -480.12981          .          -2896.59384      2896.59384        -3.15763    297
     165  x    165 N SBS      -535.04098          .          -2896.59384      2896.59384        -3.48088    298
     166  x    166 N SBS      -697.47608          .          -2896.59384      2896.59384        -5.25160    299
     167  x    167 N SBS      -569.21276          .          -2896.59384      2896.59384        -9.37307    300
     168  x    168 N SBS     -1332.09887          .          -2896.59384      2896.59384         9.12037    301
     169  x    169    LL     -2896.59384          .          -2896.59384      2896.59384    1.944354E+17    302
     170  x    170 D  BS     -2896.59384          .          -2896.59384      2896.59384    193505.16037    303
     171  x    171 D  BS     -2896.59384          .          -2896.59384      2896.59384   -4.770721E+16    304
     172  x    172 N SBS     -2092.72783          .          -2896.59384      2896.59384        -2.88996    305
     173  x    173 N SBS      -874.90651          .          -2896.59384      2896.59384        -3.16460    306
     174  x    174 N SBS      -618.68450          .          -2896.59384      2896.59384         3.31036    307
     175  x    175 N SBS      -835.83256          .          -2896.59384      2896.59384        -8.31840    308
     176  x    176 N SBS      -470.62108          .          -2896.59384      2896.59384        -6.94323    309
     177  x    177 N SBS      -209.69381          .          -2896.59384      2896.59384        -5.21760    310
     178  x    178 N SBS      -165.66001          .          -2896.59384      2896.59384        -3.53883    311
     179  x    179 N SBS      -156.95045          .          -2896.59384      2896.59384        -2.17430    312
     180  x    180 N SBS       -64.75171          .          -2896.59384      2896.59384         -.87839    313
     181  x    181 N  FR          .11350          .              -.78540          .78540      9936.18947    314
     182  x    182 N  FR         -.15988          .              -.78540          .78540     -1346.87004    315
     183  x    183    BS         -.71424          .              -.78540          .78540     -8748.79942    316
     184  x    184 N  FR          .46191          .              -.78540          .78540      7867.96042    317
     185  x    185    BS         -.71803          .              -.78540          .78540        69.93916    318
     186  x    186 N  FR         -.76808          .              -.78540          .78540      6866.91903    319
     187  x    187    UL          .78540          .              -.78540          .78540     -5923.95538    320
     188  x    188    UL          .78540          .              -.78540          .78540    -67444.11728    321
     189  x    189    UL          .78540          .              -.78540          .78540    -58526.39290    322
     190  x    190    BS          .78504          .              -.78540          .78540    1.944354E+17    323
     191  x    191 N  FR          .76152          .              -.78540          .78540       398.23576    324
     192  x    192    UL          .78540          .              -.78540          .78540   -4.770721E+16    325
     193  x    193 N  FR         -.47024          .              -.78540          .78540     13597.79500    326
     194  x    194    BS         -.71522          .              -.78540          .78540     14600.68521    327
     195  x    195 N  FR         -.51454          .              -.78540          .78540     32754.15623    328
     196  x    196 N  UL          .78540          .              -.78540          .78540     25806.14408    329
     197  x    197 N SBS          .12219          .              -.78540          .78540      -535.91318    330
     198  x    198    BS          .77067          .              -.78540          .78540      5518.69799    331
     199  x    199    LL         -.78540          .              -.78540          .78540     24688.17915    332
     200  x    200    LL         -.78540          .              -.78540          .78540     14380.19542    333
     201  x    201 N  FR         -.69231          .              -.78540          .78540      5743.73612    334
     202  x    202    EQ          .               .               .               .         1.467281E+17    335
     203  x    203 N  FR         7.29146          .               .             10.00000    1.467281E+17    336
 
 Time for MPS input                              .00 seconds
 Time for solving problem                      28.59 seconds
 Time for solution output                        .00 seconds
 Time for constraint functions                 27.97 seconds
 Time for objective function                     .00 seconds
